#
# A fatal error has been detected by the Java Runtime Environment:
#
#  Internal Error (jvmciRuntime.cpp:1609), pid=31, tid=45
#  fatal error: Fatal exception in JVMCI: Error calling jdk.vm.ci.services.Services.serializeSavedProperties
#
# JRE version: OpenJDK Runtime Environment GraalVM CE 22.3.0 (17.0.5+8) (build 17.0.5+8-jvmci-22.3-b08)
# Java VM: OpenJDK 64-Bit Server VM GraalVM CE 22.3.0 (17.0.5+8-jvmci-22.3-b08, mixed mode, sharing, tiered, jvmci, jvmci compiler, compressed oops, compressed class ptrs, parallel gc, linux-amd64)
# Problematic frame:
# V  [libjvm.so+0x972714]  JVMCIRuntime::fatal_exception(JVMCIEnv*, char const*)+0x74
#
# Core dump will be written. Default location: Core dumps may be processed with "/usr/share/apport/apport -p%p -s%s -c%c -d%d -P%P -u%u -g%g -- %E" (or dumping to /home/runner/23/core.31)
#
# If you would like to submit a bug report, please visit:
#   https://github.com/oracle/graal/issues
#

---------------  S U M M A R Y ------------

Command Line: -XX:ThreadPriorityPolicy=1 -XX:+UnlockExperimentalVMOptions -XX:+EnableJVMCIProduct -XX:JVMCIThreadsPerNativeLibraryRuntime=1 -XX:-UnlockExperimentalVMOptions -Declipse.application=org.eclipse.jdt.ls.core.id1 -Dosgi.bundles.defaultStartLevel=4 -Declipse.product=org.eclipse.jdt.ls.core.product -Dlog.level=ALL -Xverify:none -XX:+UseParallelGC -XX:GCTimeRatio=4 -XX:AdaptiveSizePolicyWeight=90 -Dsun.zip.disableMemoryMapping=true -Xmx512m -Xms100m /nix/store/m6gcpi1ii6rghy04cjwjddcavv7i90df-jdt-language-server-1.9.0/share/java/plugins/org.eclipse.equinox.launcher_1.6.400.v20210924-0641.jar --add-modules=ALL-SYSTEM --add-opens java.base/java.util=ALL-UNNAMED --add-opens java.base/java.lang=ALL-UNNAMED -configuration /home/runner/.cache/jdt-language-server/config -data /home/runner/.cache/jdt-language-server/data/home/runner/23

Host: AMD EPYC 7B12, 8 cores, 1G, Ubuntu 20.04.2 LTS
Time: Tue Mar 21 21:24:14 2023 UTC elapsed time: 1217.618213 seconds (0d 0h 20m 17s)

---------------  T H R E A D  ---------------

Current thread (0x00007fcb040b21b0):  JavaThread "JVMCI-native CompilerThread0" daemon [_thread_in_vm, id=45, stack(0x00007fcae9118000,0x00007fcae9318000)]


Current CompileTask:
JVMCI-native:1217618 8520       4       org.eclipse.jdt.internal.core.JavaModelCache::getInfo (135 bytes)

Stack: [0x00007fcae9118000,0x00007fcae9318000],  sp=0x00007fcae9316380,  free space=2040k
Native frames: (J=compiled Java code, j=interpreted, Vv=VM code, C=native code)
V  [libjvm.so+0x972714]  JVMCIRuntime::fatal_exception(JVMCIEnv*, char const*)+0x74
V  [libjvm.so+0x93e2fe]  JVMCIEnv::copy_saved_properties()+0x14e
V  [libjvm.so+0x9732a9]  JVMCIRuntime::initialize(JVMCIEnv*)+0xb19
V  [libjvm.so+0x9738a2]  JVMCIRuntime::get_HotSpotJVMCIRuntime(JVMCIEnv*)+0x12
V  [libjvm.so+0x9749f2]  JVMCIRuntime::compile_method(JVMCIEnv*, JVMCICompiler*, methodHandle const&, int)+0xd2
V  [libjvm.so+0x5b0d20]  CompileBroker::invoke_compiler_on_method(CompileTask*)+0x1470
V  [libjvm.so+0x5b12e8]  CompileBroker::compiler_thread_loop()+0x528
V  [libjvm.so+0xd82460]  JavaThread::thread_main_inner()+0xd0
V  [libjvm.so+0xd85a40]  Thread::call_run()+0xc0
V  [libjvm.so+0xbdb1e1]  thread_native_entry(Thread*)+0xe1

Register to memory mapping:

RAX=0x00007fcb08e8d000 points into unknown readable memory: 0x0000000000000058 | 58 00 00 00 00 00 00 00
RBX=0x00007fcb09f88398: <offset 0x0000000000ef5398> in /nix/store/gpxl5qgg8kicmcvivwmybwjlpf7wh20l-graalvm17-ce-22.3.0/lib/server/libjvm.so at 0x00007fcb09093000
RCX=0x00007fcb09f401e8: <offset 0x0000000000ead1e8> in /nix/store/gpxl5qgg8kicmcvivwmybwjlpf7wh20l-graalvm17-ce-22.3.0/lib/server/libjvm.so at 0x00007fcb09093000
RDX=0x0000000000000649 is an unknown value
RSP=0x00007fcae9316380 is pointing into the stack for thread: 0x00007fcb040b21b0
RBP=0x00007fcae93163a0 is pointing into the stack for thread: 0x00007fcb040b21b0
RSI=0x00007fcb09f88c48: <offset 0x0000000000ef5c48> in /nix/store/gpxl5qgg8kicmcvivwmybwjlpf7wh20l-graalvm17-ce-22.3.0/lib/server/libjvm.so at 0x00007fcb09093000
RDI=0x00000000e0000000 is an oop: java.lang.String 
{0x00000000e0000000} - klass: 'java/lang/String'
 - string: "resolution"
R8 =0x00007fcb09f88398: <offset 0x0000000000ef5398> in /nix/store/gpxl5qgg8kicmcvivwmybwjlpf7wh20l-graalvm17-ce-22.3.0/lib/server/libjvm.so at 0x00007fcb09093000
R9 =0x0000000000000003 is an unknown value
R10=0x00007fcb0a2d9da0: <offset 0x0000000001246da0> in /nix/store/gpxl5qgg8kicmcvivwmybwjlpf7wh20l-graalvm17-ce-22.3.0/lib/server/libjvm.so at 0x00007fcb09093000
R11=0x0000000000000246 is an unknown value
R12=0x0 is NULL
R13=0x00007fcb040b21b0 is a thread
R14=0x00007fcb04000b80 points into unknown readable memory: 0x00007fcb0a1b9a38 | 38 9a 1b 0a cb 7f 00 00
R15=0x00007fcb0a2c7e40: <offset 0x0000000001234e40> in /nix/store/gpxl5qgg8kicmcvivwmybwjlpf7wh20l-graalvm17-ce-22.3.0/lib/server/libjvm.so at 0x00007fcb09093000


Registers:
RAX=0x00007fcb08e8d000, RBX=0x00007fcb09f88398, RCX=0x00007fcb09f401e8, RDX=0x0000000000000649
RSP=0x00007fcae9316380, RBP=0x00007fcae93163a0, RSI=0x00007fcb09f88c48, RDI=0x00000000e0000000
R8 =0x00007fcb09f88398, R9 =0x0000000000000003, R10=0x00007fcb0a2d9da0, R11=0x0000000000000246
R12=0x0000000000000000, R13=0x00007fcb040b21b0, R14=0x00007fcb04000b80, R15=0x00007fcb0a2c7e40
RIP=0x00007fcb09a05714, EFLAGS=0x0000000000010206, CSGSFS=0x002b000000000033, ERR=0x0000000000000006
  TRAPNO=0x000000000000000e

Top of Stack: (sp=0x00007fcae9316380)
0x00007fcae9316380:   00007fcae9316940 00007fcb040b21b0
0x00007fcae9316390:   00007fcb0881e8c8 0000000800c417a0
0x00007fcae93163a0:   00007fcae9316500 00007fcb099d12fe
0x00007fcae93163b0:   00007fcae93163e0 00007fcae9316440 

Instructions: (pc=0x00007fcb09a05714)
0x00007fcb09a05614:   30 e8 f6 cf e8 ff 4c 89 e7 e8 2e 48 d1 ff 84 db
0x00007fcb09a05624:   75 2a 4d 85 ed 74 04 4d 8b 6d 00 48 83 c4 08 44
0x00007fcb09a05634:   89 f9 4c 89 f2 4c 89 ee 5b 4c 89 e7 41 5c 41 5d
0x00007fcb09a05644:   41 5e 41 5f 5d e9 e2 47 d1 ff 66 90 48 83 c4 08
0x00007fcb09a05654:   5b 41 5c 41 5d 41 5e 41 5f 5d c3 90 31 d2 be 08
0x00007fcb09a05664:   00 00 00 4c 89 ff e8 b1 78 a3 ff 49 89 c5 e9 37
0x00007fcb09a05674:   ff ff ff 66 0f 1f 84 00 00 00 00 00 48 8b 7a 08
0x00007fcb09a05684:   e9 6d ff ff ff 0f 1f 80 00 00 00 00 e8 5b 48 0a
0x00007fcb09a05694:   00 84 c0 75 89 e9 6a ff ff ff 66 90 55 48 89 e5
0x00007fcb09a056a4:   41 56 41 55 41 54 49 89 fc 53 48 89 f3 66 48 8d
0x00007fcb09a056b4:   3d 27 5e 85 00 66 66 48 e8 df 43 8d ff 4c 8b 28
0x00007fcb09a056c4:   8b 05 be 72 8a 00 85 c0 75 14 ba 01 00 00 00 48
0x00007fcb09a056d4:   8d 0d ae 72 8a 00 f0 0f b1 11 85 c0 74 4e be c8
0x00007fcb09a056e4:   00 00 00 4c 89 ef e8 01 0b 41 00 48 8d 05 12 ac
0x00007fcb09a056f4:   85 00 49 89 d8 48 8d 0d e8 aa 53 00 ba 49 06 00
0x00007fcb09a05704:   00 48 8d 35 3c 35 58 00 bf 00 00 00 e0 48 8b 00
0x00007fcb09a05714:   c6 00 58 31 c0 e8 e2 91 c6 ff 5b 41 5c 41 5d 41
0x00007fcb09a05724:   5e 5d e9 55 34 26 00 0f 1f 44 00 00 48 8d 05 81
0x00007fcb09a05734:   a3 8b 00 48 89 df 4c 8b 30 e8 9e 43 8d ff 48 89
0x00007fcb09a05744:   de 48 89 c2 49 8b 06 4c 89 f7 ff 50 08 4c 89 f7
0x00007fcb09a05754:   e8 a7 5c 27 00 4d 85 e4 74 12 be 01 00 00 00 4c
0x00007fcb09a05764:   89 e7 e8 35 43 fc ff eb 82 0f 1f 00 be 01 00 00
0x00007fcb09a05774:   00 4c 89 ef e8 d3 fd ff ff e9 6d ff ff ff 66 66
0x00007fcb09a05784:   2e 0f 1f 84 00 00 00 00 00 0f 1f 00 55 48 89 e5
0x00007fcb09a05794:   41 57 41 56 41 55 41 54 53 48 81 ec 08 02 00 00
0x00007fcb09a057a4:   64 48 8b 04 25 28 00 00 00 48 89 45 c8 8b 07 83
0x00007fcb09a057b4:   f8 02 0f 84 11 04 00 00 4c 8b 6f 18 49 89 ff 49
0x00007fcb09a057c4:   89 f4 4d 85 ed 74 14 4c 89 ef e8 5d 57 22 00 41
0x00007fcb09a057d4:   8b 07 83 f8 02 0f 84 19 04 00 00 48 8d 1d 9a 06
0x00007fcb09a057e4:   8a 00 4c 8d 35 0b 3c 58 00 eb 38 90 48 85 d2 7f
0x00007fcb09a057f4:   0d 48 8d 05 b4 c0 85 00 48 83 38 00 7e 0e 41 8b
0x00007fcb09a05804:   77 2c 4c 89 f7 31 c0 e8 a0 b2 f7 ff 49 8b 7f 18 


Stack slot to memory mapping:
stack at sp + 0 slots: 0x00007fcae9316940 is pointing into the stack for thread: 0x00007fcb040b21b0
stack at sp + 1 slots: 0x00007fcb040b21b0 is a thread
stack at sp + 2 slots: 0x00007fcb0881e8c8 points into unknown readable memory: 0x65730018052dffff | ff ff 2d 05 18 00 73 65
stack at sp + 3 slots: 0x0000000800c417a0 is a pointer to class: 
jdk.vm.ci.services.Services {0x0000000800c417a0}
 - instance size:     2
 - klass size:        65
 - access:            public final synchronized 
 - state:             fully_initialized
 - name:              'jdk/vm/ci/services/Services'
 - super:             'java/lang/Object'
 - sub:               
 - arrays:            NULL
 - methods:           Array<T>(0x00007fcae9c42b38)
 - method ordering:   Array<T>(0x0000000800928960)
 - default_methods:   Array<T>(0x0000000000000000)
 - local interfaces:  Array<T>(0x00000008005ce810)
 - trans. interfaces: Array<T>(0x00000008005ce810)
 - constants:         constant pool [427] {0x00007fcae9c41c18} for 'jdk/vm/ci/services/Services' cache=0x00007fcae9c43fd8
 - class loader data:  loader data: 0x00007fcb040283d0 of 'bootstrap'
 - source file:       'Services.java'
 - class annotations:       Array<T>(0x0000000000000000)
 - class type annotations:  Array<T>(0x0000000000000000)
 - field annotations:       Array<T>(0x0000000000000000)
 - field type annotations:  Array<T>(0x0000000000000000)
 - inner classes:     Array<T>(0x00007fcae9c43fa8)
 - nest members:     Array<T>(0x00007fcae9c43fc8)
 - permitted subclasses:     Array<T>(0x00000008005ce7a0)
 - java mirror:       a 'java/lang/Class'{0x00000000e0145fa0} = 'jdk/vm/ci/services/Services'
 - vtable length      5  (start addr: 0x0000000800c41970)
 - itable length      2 (start addr: 0x0000000800c41998)
 - ---- static fields (3 words):
 - public static final 'IS_BUILDING_NATIVE_IMAGE' 'Z' @128 
 - public static final 'IS_IN_NATIVE_IMAGE' 'Z' @129 
 - private static volatile 'savedProperties' 'Ljava/util/Map;' @112 
 - static final 'JVMCI_ENABLED' 'Z' @130 
 - private static final 'servicesCache' 'Ljava/util/Map;' @116 
 - private static final 'MAX_UNICODE_IN_UTF8_LENGTH' 'I' @120 
 - private static final 'MAX_UTF8_PROPERTY_STRING_LENGTH' 'I' @124 
 - ---- non-static fields (0 words):
 - non-static oop maps: 
stack at sp + 4 slots: 0x00007fcae9316500 is pointing into the stack for thread: 0x00007fcb040b21b0
stack at sp + 5 slots: 0x00007fcb099d12fe: <offset 0x000000000093e2fe> in /nix/store/gpxl5qgg8kicmcvivwmybwjlpf7wh20l-graalvm17-ce-22.3.0/lib/server/libjvm.so at 0x00007fcb09093000
stack at sp + 6 slots: 0x00007fcae93163e0 is pointing into the stack for thread: 0x00007fcb040b21b0
stack at sp + 7 slots: 0x00007fcae9316440 is pointing into the stack for thread: 0x00007fcb040b21b0


---------------  P R O C E S S  ---------------

Threads class SMR info:
_java_thread_list=0x00007fca68045050, length=29, elements={
0x00007fcb04026670, 0x00007fcb040a64b0, 0x00007fcb040a78f0, 0x00007fcb040ae020,
0x00007fcb040af3d0, 0x00007fcb040b07c0, 0x00007fcb040b21b0, 0x00007fcb040b36c0,
0x00007fcb040b4b10, 0x00007fcb040d7ab0, 0x00007fcb04120600, 0x00007fcb0431c460,
0x00007fcb0434f5c0, 0x00007fcb04352070, 0x00007fcb04615f80, 0x00007fca98017110,
0x00007fca982a1190, 0x00007fca98304dd0, 0x00007fca8c0010d0, 0x00007fca9847eb10,
0x00007fca985ecf00, 0x00007fcb044827c0, 0x00007fcb043bcaf0, 0x00007fca60435540,
0x00007fca6804e710, 0x00007fca6804ec90, 0x00007fca68166570, 0x00007fca68166af0,
0x00007fca68043de0
}

Java Threads: ( => current thread )
  0x00007fcb04026670 JavaThread "main" [_thread_blocked, id=37, stack(0x00007fcb08eae000,0x00007fcb08fae000)]
  0x00007fcb040a64b0 JavaThread "Reference Handler" daemon [_thread_blocked, id=40, stack(0x00007fcae99fe000,0x00007fcae9afe000)]
  0x00007fcb040a78f0 JavaThread "Finalizer" daemon [_thread_blocked, id=41, stack(0x00007fcae98fe000,0x00007fcae99fe000)]
  0x00007fcb040ae020 JavaThread "Signal Dispatcher" daemon [_thread_blocked, id=42, stack(0x00007fcae9518000,0x00007fcae9618000)]
  0x00007fcb040af3d0 JavaThread "Service Thread" daemon [_thread_blocked, id=43, stack(0x00007fcae9418000,0x00007fcae9518000)]
  0x00007fcb040b07c0 JavaThread "Monitor Deflation Thread" daemon [_thread_blocked, id=44, stack(0x00007fcae9318000,0x00007fcae9418000)]
=>0x00007fcb040b21b0 JavaThread "JVMCI-native CompilerThread0" daemon [_thread_in_vm, id=45, stack(0x00007fcae9118000,0x00007fcae9318000)]
  0x00007fcb040b36c0 JavaThread "C1 CompilerThread0" daemon [_thread_blocked, id=46, stack(0x00007fcae8f18000,0x00007fcae9118000)]
  0x00007fcb040b4b10 JavaThread "Sweeper thread" daemon [_thread_blocked, id=47, stack(0x00007fcae8e18000,0x00007fcae8f18000)]
  0x00007fcb040d7ab0 JavaThread "Common-Cleaner" daemon [_thread_blocked, id=48, stack(0x00007fcae8d18000,0x00007fcae8e18000)]
  0x00007fcb04120600 JavaThread "Notification Thread" daemon [_thread_blocked, id=50, stack(0x00007fcae8c18000,0x00007fcae8d18000)]
  0x00007fcb0431c460 JavaThread "Active Thread: Equinox Container: 34c937e1-84ca-4173-a69f-898ebb8d9f52" [_thread_blocked, id=63, stack(0x00007fcae8900000,0x00007fcae8a00000)]
  0x00007fcb0434f5c0 JavaThread "Framework Event Dispatcher: Equinox Container: 34c937e1-84ca-4173-a69f-898ebb8d9f52" daemon [_thread_blocked, id=64, stack(0x00007fcae8700000,0x00007fcae8800000)]
  0x00007fcb04352070 JavaThread "Start Level: Equinox Container: 34c937e1-84ca-4173-a69f-898ebb8d9f52" daemon [_thread_blocked, id=65, stack(0x00007fcae8500000,0x00007fcae8600000)]
  0x00007fcb04615f80 JavaThread "Refresh Thread: Equinox Container: 34c937e1-84ca-4173-a69f-898ebb8d9f52" daemon [_thread_blocked, id=66, stack(0x00007fcae8300000,0x00007fcae8400000)]
  0x00007fca98017110 JavaThread "SCR Component Actor" daemon [_thread_blocked, id=75, stack(0x00007fcae8100000,0x00007fcae8200000)]
  0x00007fca982a1190 JavaThread "Worker-JM" [_thread_blocked, id=85, stack(0x00007fcab0700000,0x00007fcab0800000)]
  0x00007fca98304dd0 JavaThread "Worker-0" [_thread_blocked, id=86, stack(0x00007fcab0500000,0x00007fcab0600000)]
  0x00007fca8c0010d0 JavaThread "Worker-1: Publish Diagnostics" [_thread_blocked, id=87, stack(0x00007fcab0300000,0x00007fcab0400000)]
  0x00007fca9847eb10 JavaThread "Java indexing" daemon [_thread_blocked, id=88, stack(0x00007fcab0100000,0x00007fcab0200000)]
  0x00007fca985ecf00 JavaThread "Bundle File Closer" daemon [_thread_blocked, id=96, stack(0x00007fcaaff00000,0x00007fcab0000000)]
  0x00007fcb044827c0 JavaThread "pool-3-thread-1" [_thread_blocked, id=98, stack(0x00007fcaafd00000,0x00007fcaafe00000)]
  0x00007fcb043bcaf0 JavaThread "pool-2-thread-1" [_thread_blocked, id=100, stack(0x00007fcaafb00000,0x00007fcaafc00000)]
  0x00007fca60435540 JavaThread "Okio Watchdog" daemon [_thread_blocked, id=172, stack(0x00007fcaaf500000,0x00007fcaaf600000)]
  0x00007fca6804e710 JavaThread "Thread-4" [_thread_blocked, id=761, stack(0x00007fcab0200000,0x00007fcab0300000)]
  0x00007fca6804ec90 JavaThread "Thread-5" [_thread_blocked, id=1040, stack(0x00007fcaaf700000,0x00007fcaaf800000)]
  0x00007fca68166570 JavaThread "Thread-6" [_thread_blocked, id=1257, stack(0x00007fcaaf300000,0x00007fcaaf400000)]
  0x00007fca68166af0 JavaThread "Thread-7" [_thread_blocked, id=1446, stack(0x00007fcab0400000,0x00007fcab0500000)]
  0x00007fca68043de0 JavaThread "Thread-8" [_thread_blocked, id=3013, stack(0x00007fcab0900000,0x00007fcab0a00000)]

Other Threads:
  0x00007fcb040a1bf0 VMThread "VM Thread" [stack: 0x00007fcae9b00000,0x00007fcae9c00000] [id=39] _threads_hazard_ptr=0x00007fca68045050
  0x00007fcb04121fa0 WatcherThread [stack: 0x00007fcae8b18000,0x00007fcae8c18000] [id=51]
  0x00007fcb0403df10 GCTaskThread "GC Thread#0" [stack: 0x00007fcb08a71000,0x00007fcb08b71000] [id=38]

Threads with active compile tasks:
JVMCI-native CompilerThread0  1217658 8520       4       org.eclipse.jdt.internal.core.JavaModelCache::getInfo (135 bytes)

VM state: synchronizing (normal execution)

VM Mutex/Monitor currently owned by a thread:  ([mutex/lock_event])
[0x00007fcb04023820] Threads_lock - owner thread: 0x00007fcb040a1bf0
[0x00007fcb04023fd0] Heap_lock - owner thread: 0x00007fca9847eb10

OutOfMemory and StackOverflow Exception counts:
OutOfMemoryError java_heap_errors=1
LinkageErrors=66

Heap address: 0x00000000e0000000, size: 512 MB, Compressed Oops mode: 32-bit

CDS archive(s) mapped at: [0x0000000800000000-0x0000000800bc8000-0x0000000800bc8000), size 12353536, SharedBaseAddress: 0x0000000800000000, ArchiveRelocationMode: 0.
Compressed class space mapped at: 0x0000000800c00000-0x0000000840c00000, reserved size: 1073741824
Narrow klass base: 0x0000000800000000, Narrow klass shift: 0, Narrow klass range: 0x100000000

GC Precious Log:
 CPUs: 8 total, 1 available
 Memory: 1024M
 Large Page Support: Disabled
 NUMA Support: Disabled
 Compressed Oops: Enabled (32-bit)
 Alignments: Space 512K, Generation 512K, Heap 2M
 Heap Min Capacity: 100M
 Heap Initial Capacity: 100M
 Heap Max Capacity: 512M
 Pre-touch: Disabled
 Parallel Workers: 1

Heap:
 PSYoungGen      total 46592K, used 36863K [0x00000000f5580000, 0x00000000f9300000, 0x0000000100000000)
  eden space 36864K, 99% used [0x00000000f5580000,0x00000000f797fff0,0x00000000f7980000)
  from space 9728K, 0% used [0x00000000f8980000,0x00000000f8980000,0x00000000f9300000)
  to   space 12288K, 0% used [0x00000000f7980000,0x00000000f7980000,0x00000000f8580000)
 ParOldGen       total 349696K, used 349690K [0x00000000e0000000, 0x00000000f5580000, 0x00000000f5580000)
  object space 349696K, 99% used [0x00000000e0000000,0x00000000f557eac0,0x00000000f5580000)
 Metaspace       used 59583K, committed 60672K, reserved 1105920K
  class space    used 5904K, committed 6336K, reserved 1048576K

Card table byte_map: [0x00007fcb08b71000,0x00007fcb08c72000] _byte_map_base: 0x00007fcb08471000

Marking Bits: (ParMarkBitMap*) 0x00007fcb0a2c14c0
 Begin Bits: [0x00007fcaea4b3000, 0x00007fcaeacb3000)
 End Bits:   [0x00007fcaeacb3000, 0x00007fcaeb4b3000)

Polling page: 0x00007fcb08e8b000

Metaspace:

Usage:
  Non-class:     52.42 MB used.
      Class:      5.77 MB used.
       Both:     58.19 MB used.

Virtual space:
  Non-class space:       56.00 MB reserved,      53.06 MB ( 95%) committed,  7 nodes.
      Class space:        1.00 GB reserved,       6.19 MB ( <1%) committed,  1 nodes.
             Both:        1.05 GB reserved,      59.25 MB (  5%) committed. 

Chunk freelists:
   Non-Class:  2.60 MB
       Class:  1.84 MB
        Both:  4.43 MB

MaxMetaspaceSize: unlimited
CompressedClassSpaceSize: 1.00 GB
Initial GC threshold: 21.00 MB
Current GC threshold: 98.75 MB
CDS: on
MetaspaceReclaimPolicy: balanced
 - commit_granule_bytes: 65536.
 - commit_granule_words: 8192.
 - virtual_space_node_default_size: 1048576.
 - enlarge_chunks_in_place: 1.
 - new_chunks_are_fully_committed: 0.
 - uncommit_free_chunks: 1.
 - use_allocation_guard: 0.
 - handle_deallocations: 1.


Internal statistics:

num_allocs_failed_limit: 6.
num_arena_births: 498.
num_arena_deaths: 148.
num_vsnodes_births: 8.
num_vsnodes_deaths: 0.
num_space_committed: 947.
num_space_uncommitted: 0.
num_chunks_returned_to_freelist: 209.
num_chunks_taken_from_freelist: 2791.
num_chunk_merges: 84.
num_chunk_splits: 1848.
num_chunks_enlarged: 1201.
num_purges: 2.
num_inconsistent_stats: 0.

CodeHeap 'non-profiled nmethods': size=120036Kb used=2472Kb max_used=2554Kb free=117563Kb
 bounds [0x00007fcaf2f7a000, 0x00007fcaf31fa000, 0x00007fcafa4b3000]
CodeHeap 'profiled nmethods': size=120032Kb used=13407Kb max_used=15340Kb free=106624Kb
 bounds [0x00007fcaeba42000, 0x00007fcaec9c2000, 0x00007fcaf2f7a000]
CodeHeap 'non-nmethods': size=5692Kb used=1399Kb max_used=1403Kb free=4292Kb
 bounds [0x00007fcaeb4b3000, 0x00007fcaeb723000, 0x00007fcaeba42000]
 total_blobs=7235 nmethods=6492 adapters=630
 compilation: enabled
              stopped_count=0, restarted_count=0
 full_count=0

JVMCI Events (20 events):
Event: 945.948 Thread 0x00007fcb040b21b0 destroyed JavaVM[9]@0x00007fcaaeb9e340 for JVMCI runtime 0
Event: 945.948 Thread 0x00007fcb040b21b0 compacted oop handles in JVMCI runtime 0 from 61 to 61
Event: 945.948 Thread 0x00007fcb040b21b0 releasing handles for JVMCI runtime 0: oop handles=61, metadata handles={total=128, live=108, blocks=37}
Event: 945.948 Thread 0x00007fcb040b21b0 detached from JVMCI runtime 0
Event: 1097.684 Thread 0x00007fcb040b21b0 attached to JVMCI runtime 0
Event: 1097.686 Thread 0x00007fcb040b21b0 created JavaVM[10]@0x00007fcaaeb9e340 for JVMCI runtime 0
Event: 1099.161 Thread 0x00007fcb040b21b0 initializing JVMCI runtime 0
Event: 1099.161 Thread 0x00007fcb040b21b0 done waiting for JavaVM references initialization in JVMCI runtime 0
Event: 1146.701 Thread 0x00007fcb040b21b0 initialized JVMCI runtime 0
Event: 1156.759 Thread 0x00007fcb040b21b0 detaching from JVMCI runtime 0: releasing idle compiler thread (0 other threads still attached)
Event: 1156.759 Thread 0x00007fcb040b21b0 shutting down HotSpotJVMCIRuntime for JVMCI runtime 0
Event: 1156.760 Thread 0x00007fcb040b21b0 shut down JVMCI runtime 0
Event: 1158.351 Thread 0x00007fcb040b21b0 destroyed JavaVM[10]@0x00007fcaaeb9e340 for JVMCI runtime 0
Event: 1158.351 Thread 0x00007fcb040b21b0 compacted oop handles in JVMCI runtime 0 from 55 to 55
Event: 1158.351 Thread 0x00007fcb040b21b0 releasing handles for JVMCI runtime 0: oop handles=55, metadata handles={total=96, live=85, blocks=37}
Event: 1158.351 Thread 0x00007fcb040b21b0 detached from JVMCI runtime 0
Event: 1183.779 Thread 0x00007fcb040b21b0 attached to JVMCI runtime 0
Event: 1183.781 Thread 0x00007fcb040b21b0 created JavaVM[11]@0x00007fcaaeb9e340 for JVMCI runtime 0
Event: 1185.143 Thread 0x00007fcb040b21b0 initializing JVMCI runtime 0
Event: 1185.143 Thread 0x00007fcb040b21b0 done waiting for JavaVM references initialization in JVMCI runtime 0

Compilation events (20 events):
Event: 1150.966 Thread 0x00007fcb040b36c0 8515       3       org.eclipse.jdt.internal.core.JrtPackageFragmentRoot::equals (69 bytes)
Event: 1150.966 Thread 0x00007fcb040b36c0 nmethod 8515 0x00007fcaebf17690 code [0x00007fcaebf178a0, 0x00007fcaebf18120]
Event: 1150.966 Thread 0x00007fcb040b36c0 8513       3       com.google.gson.internal.bind.TypeAdapters$15::write (10 bytes)
Event: 1150.967 Thread 0x00007fcb040b36c0 nmethod 8513 0x00007fcaebe7c110 code [0x00007fcaebe7c320, 0x00007fcaebe7c9c0]
Event: 1150.967 Thread 0x00007fcb040b36c0 8514       3       com.google.gson.internal.bind.TypeAdapters$15::write (7 bytes)
Event: 1150.967 Thread 0x00007fcb040b36c0 nmethod 8514 0x00007fcaebd00190 code [0x00007fcaebd003a0, 0x00007fcaebd00760]
Event: 1152.454 Thread 0x00007fcb040b36c0 8516       3       java.util.concurrent.ScheduledThreadPoolExecutor$DelayedWorkQueue::setIndex (16 bytes)
Event: 1152.454 Thread 0x00007fcb040b36c0 nmethod 8516 0x00007fcaebdbf710 code [0x00007fcaebdbf8c0, 0x00007fcaebdbfe90]
Event: 1155.355 Thread 0x00007fcb040b21b0 nmethod 8506 0x00007fcaf30bcc90 code [0x00007fcaf30bce20, 0x00007fcaf30bd190]
Event: 1155.355 Thread 0x00007fcb040b21b0 8507       4       java.util.RegularEnumSet::contains (57 bytes)
Event: 1155.357 Thread 0x00007fcb040b21b0 nmethod 8507 0x00007fcaf30bc910 code [0x00007fcaf30bca80, 0x00007fcaf30bcb78]
Event: 1169.574 Thread 0x00007fcb040b36c0 8517       3       java.util.concurrent.locks.AbstractQueuedSynchronizer$ConditionObject::canReacquire (28 bytes)
Event: 1173.861 Thread 0x00007fcb040b36c0 nmethod 8517 0x00007fcaec1aa110 code [0x00007fcaec1aa2c0, 0x00007fcaec1aa610]
Event: 1177.966 Thread 0x00007fcb040b36c0 8518       3       org.eclipse.jdt.internal.compiler.lookup.SourceTypeBinding::isPrototype (12 bytes)
Event: 1177.967 Thread 0x00007fcb040b36c0 nmethod 8518 0x00007fcaebdef510 code [0x00007fcaebdef6c0, 0x00007fcaebdef830]
Event: 1183.779 Thread 0x00007fcb040b21b0 8520       4       org.eclipse.jdt.internal.core.JavaModelCache::getInfo (135 bytes)
Event: 1183.780 Thread 0x00007fcb040b36c0 8519       3       org.eclipse.jdt.internal.core.util.LRUCache::privateRemoveEntry (79 bytes)
Event: 1186.583 Thread 0x00007fcb040b36c0 nmethod 8519 0x00007fcaebb7cb10 code [0x00007fcaebb7cce0, 0x00007fcaebb7d1c0]
Event: 1186.583 Thread 0x00007fcb040b36c0 8521   !   3       org.eclipse.jdt.internal.core.ClassFile::existsUsingJarTypeCache (161 bytes)
Event: 1189.455 Thread 0x00007fcb040b36c0 nmethod 8521 0x00007fcaec182b10 code [0x00007fcaec182e20, 0x00007fcaec1856f0]

GC Heap History (20 events):
Event: 1203.363 GC heap before
{Heap before GC invocations=905 (full 773):
 PSYoungGen      total 46592K, used 36863K [0x00000000f5580000, 0x00000000f9300000, 0x0000000100000000)
  eden space 36864K, 99% used [0x00000000f5580000,0x00000000f797fff8,0x00000000f7980000)
  from space 9728K, 0% used [0x00000000f8980000,0x00000000f8980000,0x00000000f9300000)
  to   space 12288K, 0% used [0x00000000f7980000,0x00000000f7980000,0x00000000f8580000)
 ParOldGen       total 349696K, used 349695K [0x00000000e0000000, 0x00000000f5580000, 0x00000000f5580000)
  object space 349696K, 99% used [0x00000000e0000000,0x00000000f557ffb0,0x00000000f5580000)
 Metaspace       used 59583K, committed 60672K, reserved 1105920K
  class space    used 5904K, committed 6336K, reserved 1048576K
}
Event: 1204.786 GC heap after
{Heap after GC invocations=905 (full 773):
 PSYoungGen      total 49152K, used 36863K [0x00000000f5580000, 0x00000000f9300000, 0x0000000100000000)
  eden space 36864K, 99% used [0x00000000f5580000,0x00000000f797ff70,0x00000000f7980000)
  from space 12288K, 0% used [0x00000000f7980000,0x00000000f7980000,0x00000000f8580000)
  to   space 9728K, 0% used [0x00000000f8980000,0x00000000f8980000,0x00000000f9300000)
 ParOldGen       total 349696K, used 349695K [0x00000000e0000000, 0x00000000f5580000, 0x00000000f5580000)
  object space 349696K, 99% used [0x00000000e0000000,0x00000000f557fd50,0x00000000f5580000)
 Metaspace       used 59583K, committed 60672K, reserved 1105920K
  class space    used 5904K, committed 6336K, reserved 1048576K
}
Event: 1204.786 GC heap before
{Heap before GC invocations=906 (full 774):
 PSYoungGen      total 49152K, used 36864K [0x00000000f5580000, 0x00000000f9300000, 0x0000000100000000)
  eden space 36864K, 100% used [0x00000000f5580000,0x00000000f7980000,0x00000000f7980000)
  from space 12288K, 0% used [0x00000000f7980000,0x00000000f7980000,0x00000000f8580000)
  to   space 9728K, 0% used [0x00000000f8980000,0x00000000f8980000,0x00000000f9300000)
 ParOldGen       total 349696K, used 349696K [0x00000000e0000000, 0x00000000f5580000, 0x00000000f5580000)
  object space 349696K, 100% used [0x00000000e0000000,0x00000000f5580000,0x00000000f5580000)
 Metaspace       used 59583K, committed 60672K, reserved 1105920K
  class space    used 5904K, committed 6336K, reserved 1048576K
}
Event: 1206.147 GC heap after
{Heap after GC invocations=906 (full 774):
 PSYoungGen      total 46592K, used 36863K [0x00000000f5580000, 0x00000000f9300000, 0x0000000100000000)
  eden space 36864K, 99% used [0x00000000f5580000,0x00000000f797ff90,0x00000000f7980000)
  from space 9728K, 0% used [0x00000000f8980000,0x00000000f8980000,0x00000000f9300000)
  to   space 12288K, 0% used [0x00000000f7980000,0x00000000f7980000,0x00000000f8580000)
 ParOldGen       total 349696K, used 349695K [0x00000000e0000000, 0x00000000f5580000, 0x00000000f5580000)
  object space 349696K, 99% used [0x00000000e0000000,0x00000000f557fee8,0x00000000f5580000)
 Metaspace       used 59583K, committed 60672K, reserved 1105920K
  class space    used 5904K, committed 6336K, reserved 1048576K
}
Event: 1206.148 GC heap before
{Heap before GC invocations=907 (full 775):
 PSYoungGen      total 46592K, used 36864K [0x00000000f5580000, 0x00000000f9300000, 0x0000000100000000)
  eden space 36864K, 100% used [0x00000000f5580000,0x00000000f7980000,0x00000000f7980000)
  from space 9728K, 0% used [0x00000000f8980000,0x00000000f8980000,0x00000000f9300000)
  to   space 12288K, 0% used [0x00000000f7980000,0x00000000f7980000,0x00000000f8580000)
 ParOldGen       total 349696K, used 349695K [0x00000000e0000000, 0x00000000f5580000, 0x00000000f5580000)
  object space 349696K, 99% used [0x00000000e0000000,0x00000000f557fee8,0x00000000f5580000)
 Metaspace       used 59583K, committed 60672K, reserved 1105920K
  class space    used 5904K, committed 6336K, reserved 1048576K
}
Event: 1207.605 GC heap after
{Heap after GC invocations=907 (full 775):
 PSYoungGen      total 49152K, used 36863K [0x00000000f5580000, 0x00000000f9300000, 0x0000000100000000)
  eden space 36864K, 99% used [0x00000000f5580000,0x00000000f797ff90,0x00000000f7980000)
  from space 12288K, 0% used [0x00000000f7980000,0x00000000f7980000,0x00000000f8580000)
  to   space 9728K, 0% used [0x00000000f8980000,0x00000000f8980000,0x00000000f9300000)
 ParOldGen       total 349696K, used 349695K [0x00000000e0000000, 0x00000000f5580000, 0x00000000f5580000)
  object space 349696K, 99% used [0x00000000e0000000,0x00000000f557fee8,0x00000000f5580000)
 Metaspace       used 59583K, committed 60672K, reserved 1105920K
  class space    used 5904K, committed 6336K, reserved 1048576K
}
Event: 1207.642 GC heap before
{Heap before GC invocations=908 (full 776):
 PSYoungGen      total 49152K, used 36863K [0x00000000f5580000, 0x00000000f9300000, 0x0000000100000000)
  eden space 36864K, 99% used [0x00000000f5580000,0x00000000f797fff8,0x00000000f7980000)
  from space 12288K, 0% used [0x00000000f7980000,0x00000000f7980000,0x00000000f8580000)
  to   space 9728K, 0% used [0x00000000f8980000,0x00000000f8980000,0x00000000f9300000)
 ParOldGen       total 349696K, used 349695K [0x00000000e0000000, 0x00000000f5580000, 0x00000000f5580000)
  object space 349696K, 99% used [0x00000000e0000000,0x00000000f557fee8,0x00000000f5580000)
 Metaspace       used 59583K, committed 60672K, reserved 1105920K
  class space    used 5904K, committed 6336K, reserved 1048576K
}
Event: 1208.954 GC heap after
{Heap after GC invocations=908 (full 776):
 PSYoungGen      total 46592K, used 36863K [0x00000000f5580000, 0x00000000f9300000, 0x0000000100000000)
  eden space 36864K, 99% used [0x00000000f5580000,0x00000000f797ffa0,0x00000000f7980000)
  from space 9728K, 0% used [0x00000000f8980000,0x00000000f8980000,0x00000000f9300000)
  to   space 12288K, 0% used [0x00000000f7980000,0x00000000f7980000,0x00000000f8580000)
 ParOldGen       total 349696K, used 349695K [0x00000000e0000000, 0x00000000f5580000, 0x00000000f5580000)
  object space 349696K, 99% used [0x00000000e0000000,0x00000000f557fec0,0x00000000f5580000)
 Metaspace       used 59583K, committed 60672K, reserved 1105920K
  class space    used 5904K, committed 6336K, reserved 1048576K
}
Event: 1208.954 GC heap before
{Heap before GC invocations=909 (full 777):
 PSYoungGen      total 46592K, used 36863K [0x00000000f5580000, 0x00000000f9300000, 0x0000000100000000)
  eden space 36864K, 99% used [0x00000000f5580000,0x00000000f797ffd0,0x00000000f7980000)
  from space 9728K, 0% used [0x00000000f8980000,0x00000000f8980000,0x00000000f9300000)
  to   space 12288K, 0% used [0x00000000f7980000,0x00000000f7980000,0x00000000f8580000)
 ParOldGen       total 349696K, used 349695K [0x00000000e0000000, 0x00000000f5580000, 0x00000000f5580000)
  object space 349696K, 99% used [0x00000000e0000000,0x00000000f557fec0,0x00000000f5580000)
 Metaspace       used 59583K, committed 60672K, reserved 1105920K
  class space    used 5904K, committed 6336K, reserved 1048576K
}
Event: 1210.361 GC heap after
{Heap after GC invocations=909 (full 777):
 PSYoungGen      total 49152K, used 36863K [0x00000000f5580000, 0x00000000f9300000, 0x0000000100000000)
  eden space 36864K, 99% used [0x00000000f5580000,0x00000000f797ffb0,0x00000000f7980000)
  from space 12288K, 0% used [0x00000000f7980000,0x00000000f7980000,0x00000000f8580000)
  to   space 9728K, 0% used [0x00000000f8980000,0x00000000f8980000,0x00000000f9300000)
 ParOldGen       total 349696K, used 349695K [0x00000000e0000000, 0x00000000f5580000, 0x00000000f5580000)
  object space 349696K, 99% used [0x00000000e0000000,0x00000000f557fec0,0x00000000f5580000)
 Metaspace       used 59583K, committed 60672K, reserved 1105920K
  class space    used 5904K, committed 6336K, reserved 1048576K
}
Event: 1210.361 GC heap before
{Heap before GC invocations=910 (full 778):
 PSYoungGen      total 49152K, used 36864K [0x00000000f5580000, 0x00000000f9300000, 0x0000000100000000)
  eden space 36864K, 100% used [0x00000000f5580000,0x00000000f7980000,0x00000000f7980000)
  from space 12288K, 0% used [0x00000000f7980000,0x00000000f7980000,0x00000000f8580000)
  to   space 9728K, 0% used [0x00000000f8980000,0x00000000f8980000,0x00000000f9300000)
 ParOldGen       total 349696K, used 349695K [0x00000000e0000000, 0x00000000f5580000, 0x00000000f5580000)
  object space 349696K, 99% used [0x00000000e0000000,0x00000000f557fec0,0x00000000f5580000)
 Metaspace       used 59583K, committed 60672K, reserved 1105920K
  class space    used 5904K, committed 6336K, reserved 1048576K
}
Event: 1211.689 GC heap after
{Heap after GC invocations=910 (full 778):
 PSYoungGen      total 46592K, used 36863K [0x00000000f5580000, 0x00000000f9300000, 0x0000000100000000)
  eden space 36864K, 99% used [0x00000000f5580000,0x00000000f797ffc0,0x00000000f7980000)
  from space 9728K, 0% used [0x00000000f8980000,0x00000000f8980000,0x00000000f9300000)
  to   space 12288K, 0% used [0x00000000f7980000,0x00000000f7980000,0x00000000f8580000)
 ParOldGen       total 349696K, used 349695K [0x00000000e0000000, 0x00000000f5580000, 0x00000000f5580000)
  object space 349696K, 99% used [0x00000000e0000000,0x00000000f557fec0,0x00000000f5580000)
 Metaspace       used 59583K, committed 60672K, reserved 1105920K
  class space    used 5904K, committed 6336K, reserved 1048576K
}
Event: 1211.689 GC heap before
{Heap before GC invocations=911 (full 779):
 PSYoungGen      total 46592K, used 36864K [0x00000000f5580000, 0x00000000f9300000, 0x0000000100000000)
  eden space 36864K, 100% used [0x00000000f5580000,0x00000000f7980000,0x00000000f7980000)
  from space 9728K, 0% used [0x00000000f8980000,0x00000000f8980000,0x00000000f9300000)
  to   space 12288K, 0% used [0x00000000f7980000,0x00000000f7980000,0x00000000f8580000)
 ParOldGen       total 349696K, used 349695K [0x00000000e0000000, 0x00000000f5580000, 0x00000000f5580000)
  object space 349696K, 99% used [0x00000000e0000000,0x00000000f557fec0,0x00000000f5580000)
 Metaspace       used 59583K, committed 60672K, reserved 1105920K
  class space    used 5904K, committed 6336K, reserved 1048576K
}
Event: 1213.092 GC heap after
{Heap after GC invocations=911 (full 779):
 PSYoungGen      total 49152K, used 36863K [0x00000000f5580000, 0x00000000f9300000, 0x0000000100000000)
  eden space 36864K, 99% used [0x00000000f5580000,0x00000000f797ffe0,0x00000000f7980000)
  from space 12288K, 0% used [0x00000000f7980000,0x00000000f7980000,0x00000000f8580000)
  to   space 9728K, 0% used [0x00000000f8980000,0x00000000f8980000,0x00000000f9300000)
 ParOldGen       total 349696K, used 349695K [0x00000000e0000000, 0x00000000f5580000, 0x00000000f5580000)
  object space 349696K, 99% used [0x00000000e0000000,0x00000000f557fec0,0x00000000f5580000)
 Metaspace       used 59583K, committed 60672K, reserved 1105920K
  class space    used 5904K, committed 6336K, reserved 1048576K
}
Event: 1213.096 GC heap before
{Heap before GC invocations=912 (full 780):
 PSYoungGen      total 49152K, used 36864K [0x00000000f5580000, 0x00000000f9300000, 0x0000000100000000)
  eden space 36864K, 100% used [0x00000000f5580000,0x00000000f7980000,0x00000000f7980000)
  from space 12288K, 0% used [0x00000000f7980000,0x00000000f7980000,0x00000000f8580000)
  to   space 9728K, 0% used [0x00000000f8980000,0x00000000f8980000,0x00000000f9300000)
 ParOldGen       total 349696K, used 349695K [0x00000000e0000000, 0x00000000f5580000, 0x00000000f5580000)
  object space 349696K, 99% used [0x00000000e0000000,0x00000000f557fec0,0x00000000f5580000)
 Metaspace       used 59583K, committed 60672K, reserved 1105920K
  class space    used 5904K, committed 6336K, reserved 1048576K
}
Event: 1214.583 GC heap after
{Heap after GC invocations=912 (full 780):
 PSYoungGen      total 46592K, used 36863K [0x00000000f5580000, 0x00000000f9300000, 0x0000000100000000)
  eden space 36864K, 99% used [0x00000000f5580000,0x00000000f797ffe0,0x00000000f7980000)
  from space 9728K, 0% used [0x00000000f8980000,0x00000000f8980000,0x00000000f9300000)
  to   space 12288K, 0% used [0x00000000f7980000,0x00000000f7980000,0x00000000f8580000)
 ParOldGen       total 349696K, used 349695K [0x00000000e0000000, 0x00000000f5580000, 0x00000000f5580000)
  object space 349696K, 99% used [0x00000000e0000000,0x00000000f557fec0,0x00000000f5580000)
 Metaspace       used 59583K, committed 60672K, reserved 1105920K
  class space    used 5904K, committed 6336K, reserved 1048576K
}
Event: 1214.583 GC heap before
{Heap before GC invocations=913 (full 781):
 PSYoungGen      total 46592K, used 36863K [0x00000000f5580000, 0x00000000f9300000, 0x0000000100000000)
  eden space 36864K, 99% used [0x00000000f5580000,0x00000000f797ffe0,0x00000000f7980000)
  from space 9728K, 0% used [0x00000000f8980000,0x00000000f8980000,0x00000000f9300000)
  to   space 12288K, 0% used [0x00000000f7980000,0x00000000f7980000,0x00000000f8580000)
 ParOldGen       total 349696K, used 349695K [0x00000000e0000000, 0x00000000f5580000, 0x00000000f5580000)
  object space 349696K, 99% used [0x00000000e0000000,0x00000000f557fec0,0x00000000f5580000)
 Metaspace       used 59583K, committed 60672K, reserved 1105920K
  class space    used 5904K, committed 6336K, reserved 1048576K
}
Event: 1216.052 GC heap after
{Heap after GC invocations=913 (full 781):
 PSYoungGen      total 49152K, used 36863K [0x00000000f5580000, 0x00000000f9300000, 0x0000000100000000)
  eden space 36864K, 99% used [0x00000000f5580000,0x00000000f797ff00,0x00000000f7980000)
  from space 12288K, 0% used [0x00000000f7980000,0x00000000f7980000,0x00000000f8580000)
  to   space 9728K, 0% used [0x00000000f8980000,0x00000000f8980000,0x00000000f9300000)
 ParOldGen       total 349696K, used 349695K [0x00000000e0000000, 0x00000000f5580000, 0x00000000f5580000)
  object space 349696K, 99% used [0x00000000e0000000,0x00000000f557fec0,0x00000000f5580000)
 Metaspace       used 59583K, committed 60672K, reserved 1105920K
  class space    used 5904K, committed 6336K, reserved 1048576K
}
Event: 1216.053 GC heap before
{Heap before GC invocations=914 (full 782):
 PSYoungGen      total 49152K, used 36863K [0x00000000f5580000, 0x00000000f9300000, 0x0000000100000000)
  eden space 36864K, 99% used [0x00000000f5580000,0x00000000f797fff8,0x00000000f7980000)
  from space 12288K, 0% used [0x00000000f7980000,0x00000000f7980000,0x00000000f8580000)
  to   space 9728K, 0% used [0x00000000f8980000,0x00000000f8980000,0x00000000f9300000)
 ParOldGen       total 349696K, used 349695K [0x00000000e0000000, 0x00000000f5580000, 0x00000000f5580000)
  object space 349696K, 99% used [0x00000000e0000000,0x00000000f557fff8,0x00000000f5580000)
 Metaspace       used 59583K, committed 60672K, reserved 1105920K
  class space    used 5904K, committed 6336K, reserved 1048576K
}
Event: 1217.582 GC heap after
{Heap after GC invocations=914 (full 782):
 PSYoungGen      total 46592K, used 36863K [0x00000000f5580000, 0x00000000f9300000, 0x0000000100000000)
  eden space 36864K, 99% used [0x00000000f5580000,0x00000000f797fe98,0x00000000f7980000)
  from space 9728K, 0% used [0x00000000f8980000,0x00000000f8980000,0x00000000f9300000)
  to   space 12288K, 0% used [0x00000000f7980000,0x00000000f7980000,0x00000000f8580000)
 ParOldGen       total 349696K, used 349690K [0x00000000e0000000, 0x00000000f5580000, 0x00000000f5580000)
  object space 349696K, 99% used [0x00000000e0000000,0x00000000f557eac0,0x00000000f5580000)
 Metaspace       used 59583K, committed 60672K, reserved 1105920K
  class space    used 5904K, committed 6336K, reserved 1048576K
}

Dll operation events (9 events):
Event: 0.002 Loaded shared library /nix/store/gpxl5qgg8kicmcvivwmybwjlpf7wh20l-graalvm17-ce-22.3.0/lib/libjava.so
Event: 0.007 Loaded shared library /nix/store/gpxl5qgg8kicmcvivwmybwjlpf7wh20l-graalvm17-ce-22.3.0/lib/libjsvml.so
Event: 0.160 Loaded shared library /nix/store/gpxl5qgg8kicmcvivwmybwjlpf7wh20l-graalvm17-ce-22.3.0/lib/libnio.so
Event: 0.163 Loaded shared library /nix/store/gpxl5qgg8kicmcvivwmybwjlpf7wh20l-graalvm17-ce-22.3.0/lib/libzip.so
Event: 0.167 Loaded shared library /nix/store/gpxl5qgg8kicmcvivwmybwjlpf7wh20l-graalvm17-ce-22.3.0/lib/libjvmcicompiler.so
Event: 0.557 Loaded shared library /nix/store/gpxl5qgg8kicmcvivwmybwjlpf7wh20l-graalvm17-ce-22.3.0/lib/libjimage.so
Event: 0.975 Loaded shared library /nix/store/gpxl5qgg8kicmcvivwmybwjlpf7wh20l-graalvm17-ce-22.3.0/lib/libnet.so
Event: 4.269 Loaded shared library /home/runner/.cache/jdt-language-server/config/org.eclipse.equinox.launcher/org.eclipse.equinox.launcher.gtk.linux.x86_64_1.2.400.v20211117-0650/eclipse_11600.so
Event: 13.485 Loaded shared library /nix/store/gpxl5qgg8kicmcvivwmybwjlpf7wh20l-graalvm17-ce-22.3.0/lib/libextnet.so

Deoptimization events (20 events):
Event: 603.756 Thread 0x00007fcb043bcaf0 Uncommon trap: trap_request=0xffffffed fr.pc=0x00007fcaf30188b7 relative=0x0000000000000217
Event: 603.756 Thread 0x00007fcb043bcaf0 Uncommon trap: reason=null_assert_or_unreached0 action=reinterpret pc=0x00007fcaf30188b7 method=java.lang.StringBuilder.toString()Ljava/lang/String; @ 0 jvmci
Event: 603.756 Thread 0x00007fcb043bcaf0 DEOPT PACKING pc=0x00007fcaf30188b7 sp=0x00007fcaafbfdc70
Event: 603.756 Thread 0x00007fcb043bcaf0 DEOPT UNPACKING pc=0x00007fcaeb505325 sp=0x00007fcaafbfd110 mode 3
Event: 872.868 Thread 0x00007fcb040b21b0 Uncommon trap: trap_request=0xffffffcd fr.pc=0x00007fcaf31302ea relative=0x0000000000000b0a
Event: 872.868 Thread 0x00007fcb040b21b0 Uncommon trap: reason=intrinsic_or_type_checked_inlining action=reinterpret pc=0x00007fcaf31302ea method=java.io.DataOutputStream.write([BII)V @ 0 jvmci
Event: 872.868 Thread 0x00007fcb040b21b0 DEOPT PACKING pc=0x00007fcaf31302ea sp=0x00007fcae9315fb0
Event: 872.868 Thread 0x00007fcb040b21b0 DEOPT UNPACKING pc=0x00007fcaeb505325 sp=0x00007fcae93153d0 mode 3
Event: 879.752 Thread 0x00007fcb040b21b0 DEOPT PACKING pc=0x00007fcaec47f6d8 sp=0x00007fcae9315ef0
Event: 879.752 Thread 0x00007fcb040b21b0 DEOPT UNPACKING pc=0x00007fcaeb505325 sp=0x00007fcae9315458 mode 0
Event: 896.578 Thread 0x00007fca8c0010d0 Uncommon trap: trap_request=0xffffffed fr.pc=0x00007fcaf3148b4a relative=0x000000000000134a
Event: 896.578 Thread 0x00007fca8c0010d0 Uncommon trap: reason=null_assert_or_unreached0 action=reinterpret pc=0x00007fcaf3148b4a method=org.eclipse.jdt.internal.compiler.parser.Scanner.internalScanIdentifierOrKeyword(II[C)I @ 0 jvmci
Event: 897.854 Thread 0x00007fca8c0010d0 DEOPT PACKING pc=0x00007fcaf3148b4a sp=0x00007fcab03fdd50
Event: 897.854 Thread 0x00007fca8c0010d0 DEOPT UNPACKING pc=0x00007fcaeb505325 sp=0x00007fcab03fd1e0 mode 3
Event: 1161.092 Thread 0x00007fca8c0010d0 Uncommon trap: trap_request=0xffffffed fr.pc=0x00007fcaf319d622 relative=0x0000000000000082
Event: 1161.092 Thread 0x00007fca8c0010d0 Uncommon trap: reason=null_assert_or_unreached0 action=reinterpret pc=0x00007fcaf319d622 method=org.eclipse.jdt.internal.compiler.classfmt.MethodInfo.getExceptionTypeNames()[[C @ 4 jvmci
Event: 1162.552 Thread 0x00007fca8c0010d0 DEOPT PACKING pc=0x00007fcaf319d622 sp=0x00007fcab03fd7d0
Event: 1162.552 Thread 0x00007fca8c0010d0 DEOPT UNPACKING pc=0x00007fcaeb505325 sp=0x00007fcab03fcc70 mode 3
Event: 1200.673 Thread 0x00007fcb040b21b0 DEOPT PACKING pc=0x00007fcaec47f6d8 sp=0x00007fcae9315ef0
Event: 1200.673 Thread 0x00007fcb040b21b0 DEOPT UNPACKING pc=0x00007fcaeb505325 sp=0x00007fcae9315458 mode 0

Classes unloaded (20 events):
Event: 74.266 Thread 0x00007fcb040a1bf0 Unloading class 0x0000000800ef0000 'jdk/internal/reflect/GeneratedConstructorAccessor8'
Event: 74.266 Thread 0x00007fcb040a1bf0 Unloading class 0x0000000800d99000 'java/lang/invoke/LambdaForm$MH+0x0000000800d99000'
Event: 74.266 Thread 0x00007fcb040a1bf0 Unloading class 0x0000000800d98c00 'java/lang/invoke/LambdaForm$MH+0x0000000800d98c00'
Event: 74.266 Thread 0x00007fcb040a1bf0 Unloading class 0x0000000800d98800 'java/lang/invoke/LambdaForm$MH+0x0000000800d98800'
Event: 74.266 Thread 0x00007fcb040a1bf0 Unloading class 0x0000000800d98400 'java/lang/invoke/LambdaForm$MH+0x0000000800d98400'
Event: 74.266 Thread 0x00007fcb040a1bf0 Unloading class 0x0000000800d98000 'jdk/internal/reflect/GeneratedConstructorAccessor3'
Event: 74.266 Thread 0x00007fcb040a1bf0 Unloading class 0x0000000800d06800 'java/lang/invoke/LambdaForm$MH+0x0000000800d06800'
Event: 74.266 Thread 0x00007fcb040a1bf0 Unloading class 0x0000000800d06000 'java/lang/invoke/LambdaForm$MH+0x0000000800d06000'
Event: 74.266 Thread 0x00007fcb040a1bf0 Unloading class 0x0000000800d05c00 'java/lang/invoke/LambdaForm$MH+0x0000000800d05c00'
Event: 74.266 Thread 0x00007fcb040a1bf0 Unloading class 0x0000000800d05800 'java/lang/invoke/LambdaForm$MH+0x0000000800d05800'
Event: 74.266 Thread 0x00007fcb040a1bf0 Unloading class 0x0000000800d05000 'java/lang/invoke/LambdaForm$MH+0x0000000800d05000'
Event: 74.266 Thread 0x00007fcb040a1bf0 Unloading class 0x0000000800d04c00 'java/lang/invoke/LambdaForm$MH+0x0000000800d04c00'
Event: 74.266 Thread 0x00007fcb040a1bf0 Unloading class 0x0000000800d04800 'java/lang/invoke/LambdaForm$MH+0x0000000800d04800'
Event: 74.266 Thread 0x00007fcb040a1bf0 Unloading class 0x0000000800d04000 'java/lang/invoke/LambdaForm$MH+0x0000000800d04000'
Event: 74.266 Thread 0x00007fcb040a1bf0 Unloading class 0x0000000800c1d000 'jdk/internal/reflect/GeneratedMethodAccessor5'
Event: 74.266 Thread 0x00007fcb040a1bf0 Unloading class 0x0000000800c1cc00 'jdk/internal/reflect/GeneratedMethodAccessor4'
Event: 74.266 Thread 0x00007fcb040a1bf0 Unloading class 0x0000000800c1c800 'jdk/internal/reflect/GeneratedMethodAccessor3'
Event: 74.266 Thread 0x00007fcb040a1bf0 Unloading class 0x0000000800c1c400 'jdk/internal/reflect/GeneratedMethodAccessor2'
Event: 74.266 Thread 0x00007fcb040a1bf0 Unloading class 0x0000000800c1c000 'jdk/internal/reflect/GeneratedMethodAccessor1'
Event: 74.266 Thread 0x00007fcb040a1bf0 Unloading class 0x0000000800c01c00 'java/lang/invoke/LambdaForm$DMH+0x0000000800c01c00'

Classes redefined (0 events):
No events

Internal exceptions (20 events):
Event: 34.648 Thread 0x00007fca800010d0 Exception <a 'java/lang/NoSuchMethodError'{0x00000000f5e12b38}: static [Lorg/eclipse/core/runtime/IPath;.<clinit>()V> (0x00000000f5e12b38) 
thrown [src/hotspot/share/prims/jni.cpp, line 1107]
Event: 34.654 Thread 0x00007fca800010d0 Exception <a 'java/lang/NoSuchMethodError'{0x00000000f5fe9890}: static [J.<clinit>()V> (0x00000000f5fe9890) 
thrown [src/hotspot/share/prims/jni.cpp, line 1107]
Event: 34.846 Thread 0x00007fca74001130 Exception <a 'java/lang/NoSuchMethodError'{0x00000000f5835418}: 'java.lang.Object java.lang.invoke.DirectMethodHandle$Holder.newInvokeSpecial(java.lang.Object, java.lang.Object, java.lang.Object, int, java.lang.Object)'> (0x00000000f5835418) 
thrown [src/hotspot/share/interpreter/linkResolver.cpp, line 758]
Event: 34.846 Thread 0x00007fca74001130 Exception <a 'java/lang/NoSuchMethodError'{0x00000000f5843640}: 'java.lang.Object java.lang.invoke.DirectMethodHandle$Holder.invokeSpecial(java.lang.Object, java.lang.Object, java.lang.Object, java.lang.Object, int, java.lang.Object)'> (0x00000000f5843640) 
thrown [src/hotspot/share/interpreter/linkResolver.cpp, line 758]
Event: 34.846 Thread 0x00007fca74001130 Exception <a 'java/lang/NoSuchMethodError'{0x00000000f584c640}: 'java.lang.Object java.lang.invoke.Invokers$Holder.linkToTargetMethod(java.lang.Object, java.lang.Object, int, java.lang.Object, java.lang.Object)'> (0x00000000f584c640) 
thrown [src/hotspot/share/interpreter/linkResolver.cpp, line 758]
Event: 36.558 Thread 0x00007fca9847eb10 Implicit null exception at 0x00007fcaf3147f46 to 0x00007fcaf314dfef
Event: 38.370 Thread 0x00007fca800010d0 Exception <a 'java/io/FileNotFoundException'{0x00000000f56e0e50}> (0x00000000f56e0e50) 
thrown [src/hotspot/share/prims/jni.cpp, line 516]
Event: 38.661 Thread 0x00007fca8c0010d0 Exception <a 'java/lang/NoSuchMethodError'{0x00000000f5d96060}: 'java.lang.Object java.lang.invoke.DirectMethodHandle$Holder.invokeStatic(java.lang.Object, java.lang.Object, java.lang.Object, long)'> (0x00000000f5d96060) 
thrown [src/hotspot/share/interpreter/linkResolver.cpp, line 758]
Event: 38.662 Thread 0x00007fca8c0010d0 Exception <a 'java/lang/NoSuchMethodError'{0x00000000f5de9e78}: 'java.lang.Object java.lang.invoke.DirectMethodHandle$Holder.newInvokeSpecial(java.lang.Object, java.lang.Object, java.lang.Object, long)'> (0x00000000f5de9e78) 
thrown [src/hotspot/share/interpreter/linkResolver.cpp, line 758]
Event: 38.662 Thread 0x00007fca8c0010d0 Exception <a 'java/lang/NoSuchMethodError'{0x00000000f5e145a0}: 'java.lang.Object java.lang.invoke.DirectMethodHandle$Holder.invokeSpecial(java.lang.Object, java.lang.Object, java.lang.Object, java.lang.Object, long)'> (0x00000000f5e145a0) 
thrown [src/hotspot/share/interpreter/linkResolver.cpp, line 758]
Event: 38.663 Thread 0x00007fca8c0010d0 Exception <a 'java/lang/NoSuchMethodError'{0x00000000f5e3e1f8}: 'java.lang.Object java.lang.invoke.Invokers$Holder.linkToTargetMethod(java.lang.Object, java.lang.Object, long, java.lang.Object)'> (0x00000000f5e3e1f8) 
thrown [src/hotspot/share/interpreter/linkResolver.cpp, line 758]
Event: 38.667 Thread 0x00007fca8c0010d0 Exception <a 'java/lang/NoSuchMethodError'{0x00000000f5e6a7c8}: 'java.lang.Object java.lang.invoke.DirectMethodHandle$Holder.newInvokeSpecial(java.lang.Object, java.lang.Object, int, java.lang.Object, java.lang.Object)'> (0x00000000f5e6a7c8) 
thrown [src/hotspot/share/interpreter/linkResolver.cpp, line 758]
Event: 38.668 Thread 0x00007fca8c0010d0 Exception <a 'java/lang/NoSuchMethodError'{0x00000000f5e6f350}: 'java.lang.Object java.lang.invoke.DirectMethodHandle$Holder.invokeSpecial(java.lang.Object, java.lang.Object, java.lang.Object, int, java.lang.Object, java.lang.Object)'> (0x00000000f5e6f350) 
thrown [src/hotspot/share/interpreter/linkResolver.cpp, line 758]
Event: 40.246 Thread 0x00007fca681631e0 Implicit null exception at 0x00007fcaf30d35e9 to 0x00007fcaf30d379b
Event: 43.558 Thread 0x00007fca681631e0 Exception <a 'java/lang/NoSuchMethodError'{0x00000000f5f725b0}: 'java.lang.Object java.lang.invoke.DirectMethodHandle$Holder.invokeStatic(java.lang.Object, int, java.lang.Object, java.lang.Object, java.lang.Object, java.lang.Object)'> (0x00000000f5f725b0) 
thrown [src/hotspot/share/interpreter/linkResolver.cpp, line 758]
Event: 43.560 Thread 0x00007fca681631e0 Exception <a 'java/lang/NoSuchMethodError'{0x00000000f60aa878}: 'java.lang.Object java.lang.invoke.DirectMethodHandle$Holder.newInvokeSpecial(java.lang.Object, int, java.lang.Object, java.lang.Object, java.lang.Object)'> (0x00000000f60aa878) 
thrown [src/hotspot/share/interpreter/linkResolver.cpp, line 758]
Event: 43.845 Thread 0x00007fca681631e0 Exception <a 'java/lang/NoSuchMethodError'{0x00000000f61ea200}: 'void java.lang.invoke.DirectMethodHandle$Holder.invokeSpecial(java.lang.Object, java.lang.Object, int)'> (0x00000000f61ea200) 
thrown [src/hotspot/share/interpreter/linkResolver.cpp, line 758]
Event: 44.654 Thread 0x00007fca681631e0 Exception <a 'java/lang/NoSuchMethodError'{0x00000000f59c2e28}: 'int java.lang.invoke.DirectMethodHandle$Holder.invokeSpecialIFC(java.lang.Object, java.lang.Object, java.lang.Object, java.lang.Object)'> (0x00000000f59c2e28) 
thrown [src/hotspot/share/interpreter/linkResolver.cpp, line 758]
Event: 47.259 Thread 0x00007fca9847eb10 Implicit null exception at 0x00007fcaf319a635 to 0x00007fcaf319ab61
Event: 1216.053 Thread 0x00007fcb040b21b0 Exception <a 'java/lang/OutOfMemoryError'{0x00000000e0004128}> (0x00000000e0004128) 
thrown [src/hotspot/share/gc/shared/memAllocator.cpp, line 136]

VM Operations (20 events):
Event: 1202.056 Executing VM operation: ParallelGCFailedAllocation
Event: 1203.363 Executing VM operation: ParallelGCFailedAllocation done
Event: 1203.363 Executing VM operation: ParallelGCFailedAllocation
Event: 1204.786 Executing VM operation: ParallelGCFailedAllocation done
Event: 1204.786 Executing VM operation: ParallelGCFailedAllocation
Event: 1206.147 Executing VM operation: ParallelGCFailedAllocation done
Event: 1206.148 Executing VM operation: ParallelGCFailedAllocation
Event: 1207.605 Executing VM operation: ParallelGCFailedAllocation done
Event: 1207.642 Executing VM operation: ParallelGCFailedAllocation
Event: 1208.954 Executing VM operation: ParallelGCFailedAllocation done
Event: 1208.954 Executing VM operation: ParallelGCFailedAllocation
Event: 1210.361 Executing VM operation: ParallelGCFailedAllocation done
Event: 1210.361 Executing VM operation: ParallelGCFailedAllocation
Event: 1211.689 Executing VM operation: ParallelGCFailedAllocation done
Event: 1211.689 Executing VM operation: ParallelGCFailedAllocation
Event: 1213.092 Executing VM operation: ParallelGCFailedAllocation done
Event: 1213.092 Executing VM operation: ParallelGCFailedAllocation
Event: 1216.052 Executing VM operation: ParallelGCFailedAllocation done
Event: 1216.053 Executing VM operation: ParallelGCFailedAllocation
Event: 1217.582 Executing VM operation: ParallelGCFailedAllocation done

Events (20 events):
Event: 103.970 Thread 0x00007fca800010d0 Thread exited: 0x00007fca800010d0
Event: 225.443 Thread 0x00007fca6804e710 Thread added: 0x00007fca6804e710
Event: 225.443 Protecting memory [0x00007fcab0200000,0x00007fcab0204000] with protection modes 0
Event: 303.261 Thread 0x00007fca6804ec90 Thread added: 0x00007fca6804ec90
Event: 303.262 Protecting memory [0x00007fcaaf700000,0x00007fcaaf704000] with protection modes 0
Event: 359.574 loading class java/io/InterruptedIOException
Event: 359.574 loading class java/io/InterruptedIOException done
Event: 359.575 loading class javax/net/ssl/SSLException
Event: 359.575 loading class javax/net/ssl/SSLException done
Event: 359.575 loading class java/lang/AssertionError
Event: 359.575 loading class java/lang/AssertionError done
Event: 383.857 Thread 0x00007fca94004010 Thread exited: 0x00007fca94004010
Event: 383.857 Thread 0x00007fca68166570 Thread added: 0x00007fca68166570
Event: 383.857 Protecting memory [0x00007fcaaf300000,0x00007fcaaf304000] with protection modes 0
Event: 389.668 Thread 0x00007fca604307b0 Thread exited: 0x00007fca604307b0
Event: 421.089 Thread 0x00007fca60430d30 Thread exited: 0x00007fca60430d30
Event: 455.076 Thread 0x00007fca68166af0 Thread added: 0x00007fca68166af0
Event: 455.077 Protecting memory [0x00007fcab0400000,0x00007fcab0404000] with protection modes 0
Event: 927.096 Thread 0x00007fca68043de0 Thread added: 0x00007fca68043de0
Event: 927.097 Protecting memory [0x00007fcab0900000,0x00007fcab0904000] with protection modes 0


Dynamic libraries:
e0000000-f5580000 rw-p 00000000 00:00 0 
f5580000-f9300000 rw-p 00000000 00:00 0 
f9300000-100000000 ---p 00000000 00:00 0 
800000000-800449000 rw-p 00001000 00:1510 4611686019135357769            /nix/store/gpxl5qgg8kicmcvivwmybwjlpf7wh20l-graalvm17-ce-22.3.0/lib/server/classes.jsa
800449000-800bc8000 r--p 0044a000 00:1510 4611686019135357769            /nix/store/gpxl5qgg8kicmcvivwmybwjlpf7wh20l-graalvm17-ce-22.3.0/lib/server/classes.jsa
800bc8000-800c00000 ---p 00000000 00:00 0 
800c00000-800c20000 rw-p 00000000 00:00 0 
800c20000-800c40000 rw-p 00000000 00:00 0 
800c40000-800cc0000 rw-p 00000000 00:00 0 
800cc0000-800d00000 rw-p 00000000 00:00 0 
800d00000-800dc0000 rw-p 00000000 00:00 0 
800dc0000-800e00000 rw-p 00000000 00:00 0 
800e00000-800f40000 rw-p 00000000 00:00 0 
800f40000-800f80000 rw-p 00000000 00:00 0 
800f80000-801000000 rw-p 00000000 00:00 0 
801000000-8011e0000 rw-p 00000000 00:00 0 
8011e0000-8011f0000 rw-p 00000000 00:00 0 
8011f0000-801200000 ---p 00000000 00:00 0 
801200000-801240000 rw-p 00000000 00:00 0 
801240000-840c00000 ---p 00000000 00:00 0 
55d9ec874000-55d9ec875000 r-xp 00000000 00:1510 4611686019099417844      /nix/store/gpxl5qgg8kicmcvivwmybwjlpf7wh20l-graalvm17-ce-22.3.0/bin/.java-wrapped
55d9ec876000-55d9ec877000 r--p 00001000 00:1510 4611686019099417844      /nix/store/gpxl5qgg8kicmcvivwmybwjlpf7wh20l-graalvm17-ce-22.3.0/bin/.java-wrapped
55d9ec877000-55d9ec878000 rw-p 00002000 00:1510 4611686019099417844      /nix/store/gpxl5qgg8kicmcvivwmybwjlpf7wh20l-graalvm17-ce-22.3.0/bin/.java-wrapped
55d9ec878000-55d9ec879000 rw-p 00004000 00:1510 4611686019099417844      /nix/store/gpxl5qgg8kicmcvivwmybwjlpf7wh20l-graalvm17-ce-22.3.0/bin/.java-wrapped
55d9ec879000-55d9ec87a000 rw-p 00005000 00:1510 4611686019099417844      /nix/store/gpxl5qgg8kicmcvivwmybwjlpf7wh20l-graalvm17-ce-22.3.0/bin/.java-wrapped
55d9ee002000-55d9ee04a000 rw-p 00000000 00:00 0                          [heap]
7fca40000000-7fca40268000 rw-p 00000000 00:00 0 
7fca40268000-7fca44000000 ---p 00000000 00:00 0 
7fca48000000-7fca48021000 rw-p 00000000 00:00 0 
7fca48021000-7fca4c000000 ---p 00000000 00:00 0 
7fca4c000000-7fca4c021000 rw-p 00000000 00:00 0 
7fca4c021000-7fca50000000 ---p 00000000 00:00 0 
7fca50000000-7fca50021000 rw-p 00000000 00:00 0 
7fca50021000-7fca54000000 ---p 00000000 00:00 0 
7fca564b3000-7fca60000000 r--s 00000000 00:1510 4611686019135192581      /nix/store/gpxl5qgg8kicmcvivwmybwjlpf7wh20l-graalvm17-ce-22.3.0/lib/modules
7fca60000000-7fca604d9000 rw-p 00000000 00:00 0 
7fca604d9000-7fca64000000 ---p 00000000 00:00 0 
7fca64000000-7fca64021000 rw-p 00000000 00:00 0 
7fca64021000-7fca68000000 ---p 00000000 00:00 0 
7fca68000000-7fca68188000 rw-p 00000000 00:00 0 
7fca68188000-7fca6c000000 ---p 00000000 00:00 0 
7fca6c000000-7fca6c023000 rw-p 00000000 00:00 0 
7fca6c023000-7fca70000000 ---p 00000000 00:00 0 
7fca70000000-7fca70021000 rw-p 00000000 00:00 0 
7fca70021000-7fca74000000 ---p 00000000 00:00 0 
7fca74000000-7fca7412c000 rw-p 00000000 00:00 0 
7fca7412c000-7fca78000000 ---p 00000000 00:00 0 
7fca78000000-7fca78021000 rw-p 00000000 00:00 0 
7fca78021000-7fca7c000000 ---p 00000000 00:00 0 
7fca7d400000-7fca7d990000 rw-p 00000000 00:00 0 
7fca7d990000-7fca7dc00000 ---p 00000000 00:00 0 
7fca7e000000-7fca7e300000 rw-p 00000000 00:00 0 
7fca7e300000-7fca7e380000 rw-p 00000000 00:00 0 
7fca7e380000-7fca7e400000 ---p 00000000 00:00 0 
7fca7e400000-7fca7e620000 rw-p 00000000 00:00 0 
7fca7e620000-7fca7e800000 rw-p 00000000 00:00 0 
7fca7e800000-7fca7eb00000 rw-p 00000000 00:00 0 
7fca7eb00000-7fca7ec00000 rw-p 00000000 00:00 0 
7fca7ec00000-7fca7f000000 rw-p 00000000 00:00 0 
7fca7f000000-7fca7f0e0000 rw-p 00000000 00:00 0 
7fca7f0e0000-7fca7f100000 rw-p 00000000 00:00 0 
7fca7f100000-7fca7f300000 rw-p 00000000 00:00 0 
7fca7f300000-7fca7f400000 rw-p 00000000 00:00 0 
7fca7f400000-7fca7f580000 rw-p 00000000 00:00 0 
7fca7f580000-7fca7f600000 rw-p 00000000 00:00 0 
7fca7f600000-7fca7f700000 rw-p 00000000 00:00 0 
7fca7f700000-7fca7f800000 rw-p 00000000 00:00 0 
7fca7f800000-7fca7f900000 rw-p 00000000 00:00 0 
7fca7f900000-7fca7fa00000 rw-p 00000000 00:00 0 
7fca7fa00000-7fca7ff80000 rw-p 00000000 00:00 0 
7fca7ff80000-7fca80000000 rw-p 00000000 00:00 0 
7fca80000000-7fca80334000 rw-p 00000000 00:00 0 
7fca80334000-7fca84000000 ---p 00000000 00:00 0 
7fca84000000-7fca84059000 rw-p 00000000 00:00 0 
7fca84059000-7fca88000000 ---p 00000000 00:00 0 
7fca88000000-7fca88021000 rw-p 00000000 00:00 0 
7fca88021000-7fca8c000000 ---p 00000000 00:00 0 
7fca8c000000-7fca8c06e000 rw-p 00000000 00:00 0 
7fca8c06e000-7fca90000000 ---p 00000000 00:00 0 
7fca90000000-7fca90021000 rw-p 00000000 00:00 0 
7fca90021000-7fca94000000 ---p 00000000 00:00 0 
7fca94000000-7fca94021000 rw-p 00000000 00:00 0 
7fca94021000-7fca98000000 ---p 00000000 00:00 0 
7fca98000000-7fca988b8000 rw-p 00000000 00:00 0 
7fca988b8000-7fca9c000000 ---p 00000000 00:00 0 
7fca9c000000-7fca9c025000 rw-p 00000000 00:00 0 
7fca9c025000-7fcaa0000000 ---p 00000000 00:00 0 
7fcaa0000000-7fcaa0021000 rw-p 00000000 00:00 0 
7fcaa0021000-7fcaa4000000 ---p 00000000 00:00 0 
7fcaa4000000-7fcaa4021000 rw-p 00000000 00:00 0 
7fcaa4021000-7fcaa8000000 ---p 00000000 00:00 0 
7fcaa8000000-7fcaa8021000 rw-p 00000000 00:00 0 
7fcaa8021000-7fcaac000000 ---p 00000000 00:00 0 
7fcaac400000-7fcaac500000 rw-p 00000000 00:00 0 
7fcaac500000-7fcaac600000 rw-p 00000000 00:00 0 
7fcaac600000-7fcaac900000 rw-p 00000000 00:00 0 
7fcaac900000-7fcaaca00000 rw-p 00000000 00:00 0 
7fcaaca00000-7fcaacc00000 rw-p 00000000 00:00 0 
7fcaacc00000-7fcaacc10000 r-xp 00000000 00:150d 353                      /home/runner/.cache/jdt-language-server/config/org.eclipse.equinox.launcher/org.eclipse.equinox.launcher.gtk.linux.x86_64_1.2.400.v20211117-0650/eclipse_11600.so
7fcaacc10000-7fcaace0f000 ---p 00010000 00:150d 353                      /home/runner/.cache/jdt-language-server/config/org.eclipse.equinox.launcher/org.eclipse.equinox.launcher.gtk.linux.x86_64_1.2.400.v20211117-0650/eclipse_11600.so
7fcaace0f000-7fcaace10000 r--p 0000f000 00:150d 353                      /home/runner/.cache/jdt-language-server/config/org.eclipse.equinox.launcher/org.eclipse.equinox.launcher.gtk.linux.x86_64_1.2.400.v20211117-0650/eclipse_11600.so
7fcaace10000-7fcaace11000 rw-p 00010000 00:150d 353                      /home/runner/.cache/jdt-language-server/config/org.eclipse.equinox.launcher/org.eclipse.equinox.launcher.gtk.linux.x86_64_1.2.400.v20211117-0650/eclipse_11600.so
7fcaadf00000-7fcaae000000 ---p 00000000 00:00 0 
7fcaae000000-7fcaae5af000 r--p 01122000 00:1510 4611686019135190040      /nix/store/gpxl5qgg8kicmcvivwmybwjlpf7wh20l-graalvm17-ce-22.3.0/lib/libjvmcicompiler.so
7fcaae5af000-7fcaae700000 r--p 00000000 00:00 0 
7fcaae700000-7fcaae73d000 rw-p 00000000 00:00 0 
7fcaae73d000-7fcaaec5d000 rw-p 0185f000 00:1510 4611686019135190040      /nix/store/gpxl5qgg8kicmcvivwmybwjlpf7wh20l-graalvm17-ce-22.3.0/lib/libjvmcicompiler.so
7fcaaec5d000-7fcaaf044000 r--p 01d7f000 00:1510 4611686019135190040      /nix/store/gpxl5qgg8kicmcvivwmybwjlpf7wh20l-graalvm17-ce-22.3.0/lib/libjvmcicompiler.so
7fcaaf100000-7fcaaf104000 ---p 00000000 00:00 0 
7fcaaf104000-7fcaaf200000 rw-p 00000000 00:00 0 
7fcaaf300000-7fcaaf304000 ---p 00000000 00:00 0 
7fcaaf304000-7fcaaf400000 rw-p 00000000 00:00 0 
7fcaaf500000-7fcaaf504000 ---p 00000000 00:00 0 
7fcaaf504000-7fcaaf600000 rw-p 00000000 00:00 0 
7fcaaf600000-7fcaaf604000 ---p 00000000 00:00 0 
7fcaaf604000-7fcaaf700000 rw-p 00000000 00:00 0 
7fcaaf700000-7fcaaf704000 ---p 00000000 00:00 0 
7fcaaf704000-7fcaaf800000 rw-p 00000000 00:00 0 
7fcaaf900000-7fcaaf904000 ---p 00000000 00:00 0 
7fcaaf904000-7fcaafa00000 rw-p 00000000 00:00 0 
7fcaafb00000-7fcaafb04000 ---p 00000000 00:00 0 
7fcaafb04000-7fcaafc00000 rw-p 00000000 00:00 0 
7fcaafd00000-7fcaafd04000 ---p 00000000 00:00 0 
7fcaafd04000-7fcaafe00000 rw-p 00000000 00:00 0 
7fcaaff00000-7fcaaff04000 ---p 00000000 00:00 0 
7fcaaff04000-7fcab0000000 rw-p 00000000 00:00 0 
7fcab0100000-7fcab0104000 ---p 00000000 00:00 0 
7fcab0104000-7fcab0200000 rw-p 00000000 00:00 0 
7fcab0200000-7fcab0204000 ---p 00000000 00:00 0 
7fcab0204000-7fcab0300000 rw-p 00000000 00:00 0 
7fcab0300000-7fcab0304000 ---p 00000000 00:00 0 
7fcab0304000-7fcab0400000 rw-p 00000000 00:00 0 
7fcab0400000-7fcab0404000 ---p 00000000 00:00 0 
7fcab0404000-7fcab0500000 rw-p 00000000 00:00 0 
7fcab0500000-7fcab0504000 ---p 00000000 00:00 0 
7fcab0504000-7fcab0600000 rw-p 00000000 00:00 0 
7fcab0700000-7fcab0704000 ---p 00000000 00:00 0 
7fcab0704000-7fcab0800000 rw-p 00000000 00:00 0 
7fcab0900000-7fcab0904000 ---p 00000000 00:00 0 
7fcab0904000-7fcab0a00000 rw-p 00000000 00:00 0 
7fcab1668000-7fcab1b00000 rw-p 00000000 00:00 0 
7fcab1c00000-7fcab3d6a000 r-xp 00000000 00:1510 4611686019135190040      /nix/store/gpxl5qgg8kicmcvivwmybwjlpf7wh20l-graalvm17-ce-22.3.0/lib/libjvmcicompiler.so
7fcab3d6a000-7fcab3f69000 ---p 0216a000 00:1510 4611686019135190040      /nix/store/gpxl5qgg8kicmcvivwmybwjlpf7wh20l-graalvm17-ce-22.3.0/lib/libjvmcicompiler.so
7fcab3f69000-7fcab3f6a000 r--p 02169000 00:1510 4611686019135190040      /nix/store/gpxl5qgg8kicmcvivwmybwjlpf7wh20l-graalvm17-ce-22.3.0/lib/libjvmcicompiler.so
7fcab3f6a000-7fcab3f6c000 rw-p 0216a000 00:1510 4611686019135190040      /nix/store/gpxl5qgg8kicmcvivwmybwjlpf7wh20l-graalvm17-ce-22.3.0/lib/libjvmcicompiler.so
7fcab3f6c000-7fcab3f6d000 rw-p 00000000 00:00 0 
7fcab3f6d000-7fcab3f72000 rw-p 023c3000 00:1510 4611686019135190040      /nix/store/gpxl5qgg8kicmcvivwmybwjlpf7wh20l-graalvm17-ce-22.3.0/lib/libjvmcicompiler.so
7fcab4000000-7fcab4021000 rw-p 00000000 00:00 0 
7fcab4021000-7fcab8000000 ---p 00000000 00:00 0 
7fcab8000000-7fcab8021000 rw-p 00000000 00:00 0 
7fcab8021000-7fcabc000000 ---p 00000000 00:00 0 
7fcabc000000-7fcabc051000 rw-p 00000000 00:00 0 
7fcabc051000-7fcac0000000 ---p 00000000 00:00 0 
7fcac0000000-7fcac0021000 rw-p 00000000 00:00 0 
7fcac0021000-7fcac4000000 ---p 00000000 00:00 0 
7fcac4000000-7fcac40ed000 rw-p 00000000 00:00 0 
7fcac40ed000-7fcac8000000 ---p 00000000 00:00 0 
7fcac8000000-7fcac8b6b000 rw-p 00000000 00:00 0 
7fcac8b6b000-7fcacc000000 ---p 00000000 00:00 0 
7fcacc000000-7fcacc021000 rw-p 00000000 00:00 0 
7fcacc021000-7fcad0000000 ---p 00000000 00:00 0 
7fcad0000000-7fcad0021000 rw-p 00000000 00:00 0 
7fcad0021000-7fcad4000000 ---p 00000000 00:00 0 
7fcad4000000-7fcad4021000 rw-p 00000000 00:00 0 
7fcad4021000-7fcad8000000 ---p 00000000 00:00 0 
7fcad8000000-7fcad8021000 rw-p 00000000 00:00 0 
7fcad8021000-7fcadc000000 ---p 00000000 00:00 0 
7fcadc000000-7fcadc021000 rw-p 00000000 00:00 0 
7fcadc021000-7fcae0000000 ---p 00000000 00:00 0 
7fcae0000000-7fcae0021000 rw-p 00000000 00:00 0 
7fcae0021000-7fcae4000000 ---p 00000000 00:00 0 
7fcae4000000-7fcae4121000 rw-p 00000000 00:00 0 
7fcae4121000-7fcae8000000 ---p 00000000 00:00 0 
7fcae8100000-7fcae8104000 ---p 00000000 00:00 0 
7fcae8104000-7fcae8200000 rw-p 00000000 00:00 0 
7fcae8300000-7fcae8304000 ---p 00000000 00:00 0 
7fcae8304000-7fcae8400000 rw-p 00000000 00:00 0 
7fcae8500000-7fcae8504000 ---p 00000000 00:00 0 
7fcae8504000-7fcae8600000 rw-p 00000000 00:00 0 
7fcae8700000-7fcae8704000 ---p 00000000 00:00 0 
7fcae8704000-7fcae8800000 rw-p 00000000 00:00 0 
7fcae8900000-7fcae8904000 ---p 00000000 00:00 0 
7fcae8904000-7fcae8a00000 rw-p 00000000 00:00 0 
7fcae8b16000-7fcae8b17000 ---p 00000000 00:00 0 
7fcae8b17000-7fcae8c18000 rw-p 00000000 00:00 0 
7fcae8c18000-7fcae8c1c000 ---p 00000000 00:00 0 
7fcae8c1c000-7fcae8d18000 rw-p 00000000 00:00 0 
7fcae8d18000-7fcae8d1c000 ---p 00000000 00:00 0 
7fcae8d1c000-7fcae8e18000 rw-p 00000000 00:00 0 
7fcae8e18000-7fcae8e1c000 ---p 00000000 00:00 0 
7fcae8e1c000-7fcae8f18000 rw-p 00000000 00:00 0 
7fcae8f18000-7fcae8f1c000 ---p 00000000 00:00 0 
7fcae8f1c000-7fcae9118000 rw-p 00000000 00:00 0 
7fcae9118000-7fcae911c000 ---p 00000000 00:00 0 
7fcae911c000-7fcae9318000 rw-p 00000000 00:00 0 
7fcae9318000-7fcae931c000 ---p 00000000 00:00 0 
7fcae931c000-7fcae9418000 rw-p 00000000 00:00 0 
7fcae9418000-7fcae941c000 ---p 00000000 00:00 0 
7fcae941c000-7fcae9518000 rw-p 00000000 00:00 0 
7fcae9518000-7fcae951c000 ---p 00000000 00:00 0 
7fcae951c000-7fcae9618000 rw-p 00000000 00:00 0 
7fcae9618000-7fcae98fe000 r--p 00000000 00:14ce 28444448                 /usr/lib/locale/locale-archive
7fcae98fe000-7fcae9902000 ---p 00000000 00:00 0 
7fcae9902000-7fcae99fe000 rw-p 00000000 00:00 0 
7fcae99fe000-7fcae9a02000 ---p 00000000 00:00 0 
7fcae9a02000-7fcae9afe000 rw-p 00000000 00:00 0 
7fcae9afe000-7fcae9aff000 ---p 00000000 00:00 0 
7fcae9aff000-7fcaea000000 rw-p 00000000 00:00 0 
7fcaea000000-7fcaea300000 rw-p 00000000 00:00 0 
7fcaea300000-7fcaea400000 rw-p 00000000 00:00 0 
7fcaea4b3000-7fcaeb4b3000 rw-p 00000000 00:00 0 
7fcaeb4b3000-7fcaeb723000 rwxp 00000000 00:00 0 
7fcaeb723000-7fcaeba42000 ---p 00000000 00:00 0 
7fcaeba42000-7fcaec9c2000 rwxp 00000000 00:00 0 
7fcaec9c2000-7fcaf2f7a000 ---p 00000000 00:00 0 
7fcaf2f7a000-7fcaf31fa000 rwxp 00000000 00:00 0 
7fcaf31fa000-7fcafa4b3000 ---p 00000000 00:00 0 
7fcafa4b3000-7fcb04000000 r--s 00000000 00:1510 4611686019135192581      /nix/store/gpxl5qgg8kicmcvivwmybwjlpf7wh20l-graalvm17-ce-22.3.0/lib/modules
7fcb04000000-7fcb0461a000 rw-p 00000000 00:00 0 
7fcb0461a000-7fcb08000000 ---p 00000000 00:00 0 
7fcb0805f000-7fcb08061000 r-xp 00000000 00:1510 4611686019135190017      /nix/store/gpxl5qgg8kicmcvivwmybwjlpf7wh20l-graalvm17-ce-22.3.0/lib/libextnet.so
7fcb08061000-7fcb08062000 r--p 00001000 00:1510 4611686019135190017      /nix/store/gpxl5qgg8kicmcvivwmybwjlpf7wh20l-graalvm17-ce-22.3.0/lib/libextnet.so
7fcb08062000-7fcb08063000 rw-p 00002000 00:1510 4611686019135190017      /nix/store/gpxl5qgg8kicmcvivwmybwjlpf7wh20l-graalvm17-ce-22.3.0/lib/libextnet.so
7fcb08063000-7fcb08064000 rw-p 00004000 00:1510 4611686019135190017      /nix/store/gpxl5qgg8kicmcvivwmybwjlpf7wh20l-graalvm17-ce-22.3.0/lib/libextnet.so
7fcb08064000-7fcb08068000 ---p 00000000 00:00 0 
7fcb08068000-7fcb08086000 rw-p 00000000 00:00 0 
7fcb08086000-7fcb0808d000 r-xp 00000000 00:1510 4611686019135192580      /nix/store/gpxl5qgg8kicmcvivwmybwjlpf7wh20l-graalvm17-ce-22.3.0/lib/libzip.so
7fcb0808d000-7fcb0808e000 ---p 00007000 00:1510 4611686019135192580      /nix/store/gpxl5qgg8kicmcvivwmybwjlpf7wh20l-graalvm17-ce-22.3.0/lib/libzip.so
7fcb0808e000-7fcb0808f000 r--p 00007000 00:1510 4611686019135192580      /nix/store/gpxl5qgg8kicmcvivwmybwjlpf7wh20l-graalvm17-ce-22.3.0/lib/libzip.so
7fcb0808f000-7fcb08090000 rw-p 00008000 00:1510 4611686019135192580      /nix/store/gpxl5qgg8kicmcvivwmybwjlpf7wh20l-graalvm17-ce-22.3.0/lib/libzip.so
7fcb08090000-7fcb08092000 rw-p 0000b000 00:1510 4611686019135192580      /nix/store/gpxl5qgg8kicmcvivwmybwjlpf7wh20l-graalvm17-ce-22.3.0/lib/libzip.so
7fcb08092000-7fcb080a7000 r-xp 00000000 00:1510 4611686019135192570      /nix/store/gpxl5qgg8kicmcvivwmybwjlpf7wh20l-graalvm17-ce-22.3.0/lib/libnet.so
7fcb080a7000-7fcb080a8000 ---p 00015000 00:1510 4611686019135192570      /nix/store/gpxl5qgg8kicmcvivwmybwjlpf7wh20l-graalvm17-ce-22.3.0/lib/libnet.so
7fcb080a8000-7fcb080a9000 r--p 00015000 00:1510 4611686019135192570      /nix/store/gpxl5qgg8kicmcvivwmybwjlpf7wh20l-graalvm17-ce-22.3.0/lib/libnet.so
7fcb080a9000-7fcb080aa000 rw-p 00016000 00:1510 4611686019135192570      /nix/store/gpxl5qgg8kicmcvivwmybwjlpf7wh20l-graalvm17-ce-22.3.0/lib/libnet.so
7fcb080aa000-7fcb080ad000 rw-p 0001b000 00:1510 4611686019135192570      /nix/store/gpxl5qgg8kicmcvivwmybwjlpf7wh20l-graalvm17-ce-22.3.0/lib/libnet.so
7fcb080ad000-7fcb080c0000 r-xp 00000000 00:1510 4611686019135192571      /nix/store/gpxl5qgg8kicmcvivwmybwjlpf7wh20l-graalvm17-ce-22.3.0/lib/libnio.so
7fcb080c0000-7fcb080c1000 r--p 00012000 00:1510 4611686019135192571      /nix/store/gpxl5qgg8kicmcvivwmybwjlpf7wh20l-graalvm17-ce-22.3.0/lib/libnio.so
7fcb080c1000-7fcb080c2000 rw-p 00013000 00:1510 4611686019135192571      /nix/store/gpxl5qgg8kicmcvivwmybwjlpf7wh20l-graalvm17-ce-22.3.0/lib/libnio.so
7fcb080c2000-7fcb080c7000 rw-p 00019000 00:1510 4611686019135192571      /nix/store/gpxl5qgg8kicmcvivwmybwjlpf7wh20l-graalvm17-ce-22.3.0/lib/libnio.so
7fcb080c7000-7fcb08195000 r-xp 00000000 00:1510 4611686019135190036      /nix/store/gpxl5qgg8kicmcvivwmybwjlpf7wh20l-graalvm17-ce-22.3.0/lib/libjsvml.so
7fcb08195000-7fcb08196000 r--p 000cd000 00:1510 4611686019135190036      /nix/store/gpxl5qgg8kicmcvivwmybwjlpf7wh20l-graalvm17-ce-22.3.0/lib/libjsvml.so
7fcb08196000-7fcb08197000 rw-p 000ce000 00:1510 4611686019135190036      /nix/store/gpxl5qgg8kicmcvivwmybwjlpf7wh20l-graalvm17-ce-22.3.0/lib/libjsvml.so
7fcb08197000-7fcb08a6f000 rw-p 00000000 00:00 0 
7fcb08a6f000-7fcb08a70000 ---p 00000000 00:00 0 
7fcb08a70000-7fcb08c1b000 rw-p 00000000 00:00 0 
7fcb08c1b000-7fcb08c3b000 rw-p 00000000 00:00 0 
7fcb08c3b000-7fcb08c71000 ---p 00000000 00:00 0 
7fcb08c71000-7fcb08c77000 rw-p 00000000 00:00 0 
7fcb08c77000-7fcb08d5d000 ---p 00000000 00:00 0 
7fcb08d5d000-7fcb08d7c000 rw-p 00000000 00:00 0 
7fcb08d7c000-7fcb08e48000 ---p 00000000 00:00 0 
7fcb08e48000-7fcb08e4d000 rw-p 00000000 00:00 0 
7fcb08e4d000-7fcb08e54000 ---p 00000000 00:00 0 
7fcb08e54000-7fcb08e78000 r-xp 00000000 00:1510 4611686019135190028      /nix/store/gpxl5qgg8kicmcvivwmybwjlpf7wh20l-graalvm17-ce-22.3.0/lib/libjava.so
7fcb08e78000-7fcb08e79000 ---p 00024000 00:1510 4611686019135190028      /nix/store/gpxl5qgg8kicmcvivwmybwjlpf7wh20l-graalvm17-ce-22.3.0/lib/libjava.so
7fcb08e79000-7fcb08e7a000 r--p 00024000 00:1510 4611686019135190028      /nix/store/gpxl5qgg8kicmcvivwmybwjlpf7wh20l-graalvm17-ce-22.3.0/lib/libjava.so
7fcb08e7a000-7fcb08e7b000 rw-p 00025000 00:1510 4611686019135190028      /nix/store/gpxl5qgg8kicmcvivwmybwjlpf7wh20l-graalvm17-ce-22.3.0/lib/libjava.so
7fcb08e7b000-7fcb08e7c000 rw-p 00000000 00:00 0 
7fcb08e7c000-7fcb08e83000 rw-p 0002f000 00:1510 4611686019135190028      /nix/store/gpxl5qgg8kicmcvivwmybwjlpf7wh20l-graalvm17-ce-22.3.0/lib/libjava.so
7fcb08e83000-7fcb08e8b000 rw-s 00000000 00:319 350                       /tmp/hsperfdata_runner/31
7fcb08e8b000-7fcb08e8c000 ---p 00000000 00:00 0 
7fcb08e8c000-7fcb08e8d000 r--p 00000000 00:00 0 
7fcb08e8d000-7fcb08e8e000 rwxp 00000000 00:00 0 
7fcb08e8e000-7fcb08ea9000 r-xp 00000000 00:1510 4611686019135190032      /nix/store/gpxl5qgg8kicmcvivwmybwjlpf7wh20l-graalvm17-ce-22.3.0/lib/libjimage.so
7fcb08ea9000-7fcb08eaa000 ---p 0001b000 00:1510 4611686019135190032      /nix/store/gpxl5qgg8kicmcvivwmybwjlpf7wh20l-graalvm17-ce-22.3.0/lib/libjimage.so
7fcb08eaa000-7fcb08eac000 r--p 0001b000 00:1510 4611686019135190032      /nix/store/gpxl5qgg8kicmcvivwmybwjlpf7wh20l-graalvm17-ce-22.3.0/lib/libjimage.so
7fcb08eac000-7fcb08ead000 rw-p 0001d000 00:1510 4611686019135190032      /nix/store/gpxl5qgg8kicmcvivwmybwjlpf7wh20l-graalvm17-ce-22.3.0/lib/libjimage.so
7fcb08ead000-7fcb08eae000 rw-p 00024000 00:1510 4611686019135190032      /nix/store/gpxl5qgg8kicmcvivwmybwjlpf7wh20l-graalvm17-ce-22.3.0/lib/libjimage.so
7fcb08eae000-7fcb08eb2000 ---p 00000000 00:00 0 
7fcb08eb2000-7fcb08fae000 rw-p 00000000 00:00 0 
7fcb08fae000-7fcb08fbc000 r--p 00000000 00:1510 4611686019027979927      /nix/store/4nlgxhb09sdr51nc9hdm8az5b08vzkgx-glibc-2.35-163/lib/libm.so.6
7fcb08fbc000-7fcb0902f000 r-xp 0000e000 00:1510 4611686019027979927      /nix/store/4nlgxhb09sdr51nc9hdm8az5b08vzkgx-glibc-2.35-163/lib/libm.so.6
7fcb0902f000-7fcb0908c000 r--p 00081000 00:1510 4611686019027979927      /nix/store/4nlgxhb09sdr51nc9hdm8az5b08vzkgx-glibc-2.35-163/lib/libm.so.6
7fcb0908c000-7fcb0908d000 r--p 000dd000 00:1510 4611686019027979927      /nix/store/4nlgxhb09sdr51nc9hdm8az5b08vzkgx-glibc-2.35-163/lib/libm.so.6
7fcb0908d000-7fcb0908e000 rw-p 000de000 00:1510 4611686019027979927      /nix/store/4nlgxhb09sdr51nc9hdm8az5b08vzkgx-glibc-2.35-163/lib/libm.so.6
7fcb0908e000-7fcb0908f000 r--p 00000000 00:1510 4611686019027979946      /nix/store/4nlgxhb09sdr51nc9hdm8az5b08vzkgx-glibc-2.35-163/lib/librt.so.1
7fcb0908f000-7fcb09090000 r-xp 00001000 00:1510 4611686019027979946      /nix/store/4nlgxhb09sdr51nc9hdm8az5b08vzkgx-glibc-2.35-163/lib/librt.so.1
7fcb09090000-7fcb09091000 r--p 00002000 00:1510 4611686019027979946      /nix/store/4nlgxhb09sdr51nc9hdm8az5b08vzkgx-glibc-2.35-163/lib/librt.so.1
7fcb09091000-7fcb09092000 r--p 00002000 00:1510 4611686019027979946      /nix/store/4nlgxhb09sdr51nc9hdm8az5b08vzkgx-glibc-2.35-163/lib/librt.so.1
7fcb09092000-7fcb09093000 rw-p 00003000 00:1510 4611686019027979946      /nix/store/4nlgxhb09sdr51nc9hdm8az5b08vzkgx-glibc-2.35-163/lib/librt.so.1
7fcb09093000-7fcb0a1a6000 r-xp 00000000 00:1510 4611686019135360866      /nix/store/gpxl5qgg8kicmcvivwmybwjlpf7wh20l-graalvm17-ce-22.3.0/lib/server/libjvm.so
7fcb0a1a6000-7fcb0a1a7000 ---p 01113000 00:1510 4611686019135360866      /nix/store/gpxl5qgg8kicmcvivwmybwjlpf7wh20l-graalvm17-ce-22.3.0/lib/server/libjvm.so
7fcb0a1a7000-7fcb0a25c000 r--p 01113000 00:1510 4611686019135360866      /nix/store/gpxl5qgg8kicmcvivwmybwjlpf7wh20l-graalvm17-ce-22.3.0/lib/server/libjvm.so
7fcb0a25c000-7fcb0a290000 rw-p 011c8000 00:1510 4611686019135360866      /nix/store/gpxl5qgg8kicmcvivwmybwjlpf7wh20l-graalvm17-ce-22.3.0/lib/server/libjvm.so
7fcb0a290000-7fcb0a2ec000 rw-p 00000000 00:00 0 
7fcb0a2ec000-7fcb0a314000 r--p 00000000 00:1510 4611686019027979918      /nix/store/4nlgxhb09sdr51nc9hdm8az5b08vzkgx-glibc-2.35-163/lib/libc.so.6
7fcb0a314000-7fcb0a48a000 r-xp 00028000 00:1510 4611686019027979918      /nix/store/4nlgxhb09sdr51nc9hdm8az5b08vzkgx-glibc-2.35-163/lib/libc.so.6
7fcb0a48a000-7fcb0a4e2000 r--p 0019e000 00:1510 4611686019027979918      /nix/store/4nlgxhb09sdr51nc9hdm8az5b08vzkgx-glibc-2.35-163/lib/libc.so.6
7fcb0a4e2000-7fcb0a4e6000 r--p 001f6000 00:1510 4611686019027979918      /nix/store/4nlgxhb09sdr51nc9hdm8az5b08vzkgx-glibc-2.35-163/lib/libc.so.6
7fcb0a4e6000-7fcb0a4e8000 rw-p 001fa000 00:1510 4611686019027979918      /nix/store/4nlgxhb09sdr51nc9hdm8az5b08vzkgx-glibc-2.35-163/lib/libc.so.6
7fcb0a4e8000-7fcb0a4f7000 rw-p 00000000 00:00 0 
7fcb0a4f7000-7fcb0a4f8000 r--p 00000000 00:1510 4611686019027979923      /nix/store/4nlgxhb09sdr51nc9hdm8az5b08vzkgx-glibc-2.35-163/lib/libdl.so.2
7fcb0a4f8000-7fcb0a4f9000 r-xp 00001000 00:1510 4611686019027979923      /nix/store/4nlgxhb09sdr51nc9hdm8az5b08vzkgx-glibc-2.35-163/lib/libdl.so.2
7fcb0a4f9000-7fcb0a4fa000 r--p 00002000 00:1510 4611686019027979923      /nix/store/4nlgxhb09sdr51nc9hdm8az5b08vzkgx-glibc-2.35-163/lib/libdl.so.2
7fcb0a4fa000-7fcb0a4fb000 r--p 00002000 00:1510 4611686019027979923      /nix/store/4nlgxhb09sdr51nc9hdm8az5b08vzkgx-glibc-2.35-163/lib/libdl.so.2
7fcb0a4fb000-7fcb0a4fc000 rw-p 00003000 00:1510 4611686019027979923      /nix/store/4nlgxhb09sdr51nc9hdm8az5b08vzkgx-glibc-2.35-163/lib/libdl.so.2
7fcb0a4fc000-7fcb0a4fd000 r--p 00000000 00:1510 4611686019027979942      /nix/store/4nlgxhb09sdr51nc9hdm8az5b08vzkgx-glibc-2.35-163/lib/libpthread.so.0
7fcb0a4fd000-7fcb0a4fe000 r-xp 00001000 00:1510 4611686019027979942      /nix/store/4nlgxhb09sdr51nc9hdm8az5b08vzkgx-glibc-2.35-163/lib/libpthread.so.0
7fcb0a4fe000-7fcb0a4ff000 r--p 00002000 00:1510 4611686019027979942      /nix/store/4nlgxhb09sdr51nc9hdm8az5b08vzkgx-glibc-2.35-163/lib/libpthread.so.0
7fcb0a4ff000-7fcb0a500000 r--p 00002000 00:1510 4611686019027979942      /nix/store/4nlgxhb09sdr51nc9hdm8az5b08vzkgx-glibc-2.35-163/lib/libpthread.so.0
7fcb0a500000-7fcb0a501000 rw-p 00003000 00:1510 4611686019027979942      /nix/store/4nlgxhb09sdr51nc9hdm8az5b08vzkgx-glibc-2.35-163/lib/libpthread.so.0
7fcb0a501000-7fcb0a50f000 r-xp 00000000 00:1510 4611686019135190033      /nix/store/gpxl5qgg8kicmcvivwmybwjlpf7wh20l-graalvm17-ce-22.3.0/lib/libjli.so
7fcb0a50f000-7fcb0a510000 ---p 0000e000 00:1510 4611686019135190033      /nix/store/gpxl5qgg8kicmcvivwmybwjlpf7wh20l-graalvm17-ce-22.3.0/lib/libjli.so
7fcb0a510000-7fcb0a511000 r--p 0000e000 00:1510 4611686019135190033      /nix/store/gpxl5qgg8kicmcvivwmybwjlpf7wh20l-graalvm17-ce-22.3.0/lib/libjli.so
7fcb0a511000-7fcb0a512000 rw-p 0000f000 00:1510 4611686019135190033      /nix/store/gpxl5qgg8kicmcvivwmybwjlpf7wh20l-graalvm17-ce-22.3.0/lib/libjli.so
7fcb0a512000-7fcb0a513000 rw-p 00012000 00:1510 4611686019135190033      /nix/store/gpxl5qgg8kicmcvivwmybwjlpf7wh20l-graalvm17-ce-22.3.0/lib/libjli.so
7fcb0a513000-7fcb0a516000 r--p 00000000 00:1510 4611686019106210071      /nix/store/026hln0aq1hyshaxsdvhg0kmcm6yf45r-zlib-1.2.13/lib/libz.so.1.2.13
7fcb0a516000-7fcb0a528000 r-xp 00003000 00:1510 4611686019106210071      /nix/store/026hln0aq1hyshaxsdvhg0kmcm6yf45r-zlib-1.2.13/lib/libz.so.1.2.13
7fcb0a528000-7fcb0a52f000 r--p 00015000 00:1510 4611686019106210071      /nix/store/026hln0aq1hyshaxsdvhg0kmcm6yf45r-zlib-1.2.13/lib/libz.so.1.2.13
7fcb0a52f000-7fcb0a530000 r--p 0001b000 00:1510 4611686019106210071      /nix/store/026hln0aq1hyshaxsdvhg0kmcm6yf45r-zlib-1.2.13/lib/libz.so.1.2.13
7fcb0a530000-7fcb0a531000 rw-p 0001c000 00:1510 4611686019106210071      /nix/store/026hln0aq1hyshaxsdvhg0kmcm6yf45r-zlib-1.2.13/lib/libz.so.1.2.13
7fcb0a531000-7fcb0a533000 rw-p 00000000 00:00 0 
7fcb0a533000-7fcb0a535000 r--p 00000000 00:1510 4611686019027979912      /nix/store/4nlgxhb09sdr51nc9hdm8az5b08vzkgx-glibc-2.35-163/lib/ld-linux-x86-64.so.2
7fcb0a535000-7fcb0a55c000 r-xp 00002000 00:1510 4611686019027979912      /nix/store/4nlgxhb09sdr51nc9hdm8az5b08vzkgx-glibc-2.35-163/lib/ld-linux-x86-64.so.2
7fcb0a55c000-7fcb0a568000 r--p 00029000 00:1510 4611686019027979912      /nix/store/4nlgxhb09sdr51nc9hdm8az5b08vzkgx-glibc-2.35-163/lib/ld-linux-x86-64.so.2
7fcb0a568000-7fcb0a56a000 r--p 00034000 00:1510 4611686019027979912      /nix/store/4nlgxhb09sdr51nc9hdm8az5b08vzkgx-glibc-2.35-163/lib/ld-linux-x86-64.so.2
7fcb0a56a000-7fcb0a56c000 rw-p 00036000 00:1510 4611686019027979912      /nix/store/4nlgxhb09sdr51nc9hdm8az5b08vzkgx-glibc-2.35-163/lib/ld-linux-x86-64.so.2
7fff336b5000-7fff336d9000 rw-p 00000000 00:00 0                          [stack]
7fff337a3000-7fff337a7000 r--p 00000000 00:00 0                          [vvar]
7fff337a7000-7fff337a9000 r-xp 00000000 00:00 0                          [vdso]
ffffffffff600000-ffffffffff601000 --xp 00000000 00:00 0                  [vsyscall]


VM Arguments:
jvm_args: -XX:ThreadPriorityPolicy=1 -XX:+UnlockExperimentalVMOptions -XX:+EnableJVMCIProduct -XX:JVMCIThreadsPerNativeLibraryRuntime=1 -XX:-UnlockExperimentalVMOptions -Declipse.application=org.eclipse.jdt.ls.core.id1 -Dosgi.bundles.defaultStartLevel=4 -Declipse.product=org.eclipse.jdt.ls.core.product -Dlog.level=ALL -Xverify:none -XX:+UseParallelGC -XX:GCTimeRatio=4 -XX:AdaptiveSizePolicyWeight=90 -Dsun.zip.disableMemoryMapping=true -Xmx512m -Xms100m 
java_command: /nix/store/m6gcpi1ii6rghy04cjwjddcavv7i90df-jdt-language-server-1.9.0/share/java/plugins/org.eclipse.equinox.launcher_1.6.400.v20210924-0641.jar --add-modules=ALL-SYSTEM --add-opens java.base/java.util=ALL-UNNAMED --add-opens java.base/java.lang=ALL-UNNAMED -configuration /home/runner/.cache/jdt-language-server/config -data /home/runner/.cache/jdt-language-server/data/home/runner/23
java_class_path (initial): /nix/store/m6gcpi1ii6rghy04cjwjddcavv7i90df-jdt-language-server-1.9.0/share/java/plugins/org.eclipse.equinox.launcher_1.6.400.v20210924-0641.jar
Launcher Type: SUN_STANDARD

[Global flags]
    uintx AdaptiveSizePolicyWeight                 = 90                                        {product} {command line}
     intx CICompilerCount                          = 2                                         {product} {ergonomic}
     bool EnableJVMCIProduct                       = true                                {JVMCI product} {jimage}
    uintx GCTimeRatio                              = 4                                         {product} {command line}
   size_t InitialHeapSize                          = 104857600                                 {product} {command line}
     uint JVMCIThreadsPerNativeLibraryRuntime      = 1                                   {JVMCI product} {jimage}
   size_t MaxHeapSize                              = 536870912                                 {product} {command line}
   size_t MaxNewSize                               = 178782208                                 {product} {ergonomic}
   size_t MinHeapDeltaBytes                        = 524288                                    {product} {ergonomic}
   size_t MinHeapSize                              = 104857600                                 {product} {command line}
   size_t NewSize                                  = 34603008                                  {product} {ergonomic}
    uintx NonNMethodCodeHeapSize                   = 5826188                                {pd product} {ergonomic}
    uintx NonProfiledCodeHeapSize                  = 122916026                              {pd product} {ergonomic}
   size_t OldSize                                  = 70254592                                  {product} {ergonomic}
    uintx ProfiledCodeHeapSize                     = 122916026                              {pd product} {ergonomic}
    uintx ReservedCodeCacheSize                    = 251658240                              {pd product} {ergonomic}
     bool SegmentedCodeCache                       = true                                      {product} {ergonomic}
   size_t SoftMaxHeapSize                          = 536870912                              {manageable} {ergonomic}
     intx ThreadPriorityPolicy                     = 1                                         {product} {jimage}
     bool UseCompressedClassPointers               = true                           {product lp64_product} {ergonomic}
     bool UseCompressedOops                        = true                           {product lp64_product} {ergonomic}
     bool UseParallelGC                            = true                                      {product} {command line}

Logging:
Log output configuration:
 #0: stdout all=warning uptime,level,tags
 #1: stderr all=off uptime,level,tags

Environment Variables:
JAVA_HOME=/nix/store/gpxl5qgg8kicmcvivwmybwjlpf7wh20l-graalvm17-ce-22.3.0
PATH=/nix/store/1d6ian3r8kdzspw8hacjhl3xkp40g1lj-binutils-wrapper-2.39/bin:/nix/store/dq0xwmsk1g0i2ayg6pb7y87na2knzylh-gcc-wrapper-11.3.0/bin:/nix/store/bap4d0lpcrhpwmpb8ayjcgkmvfj62lnq-bash-interactive-5.1-p16/bin:/nix/store/pr5n59mb4jzmfx6kanwxly0l07p861fg-patchelf-0.15.0/bin:/nix/store/1gf2flfqnpqbr1b4p4qz2f72y42bs56r-gcc-11.3.0/bin:/nix/store/57xv61c5zi8pphjbcwxxjlgc34p61ic9-glibc-2.35-163-bin/bin:/nix/store/a7gvj343m05j2s32xcnwr35v31ynlypr-coreutils-9.1/bin:/nix/store/039g378vc3pc3dvi9dzdlrd0i4q93qwf-binutils-2.39/bin:/nix/store/gpxl5qgg8kicmcvivwmybwjlpf7wh20l-graalvm17-ce-22.3.0/bin:/nix/store/6z9ag3ihc8mq2hzsw48lhbznvzny65nz-apache-maven-3.8.6/bin:/nix/store/m6gcpi1ii6rghy04cjwjddcavv7i90df-jdt-language-server-1.9.0/bin:/nix/store/84xs5alhs01zrbr4ywm05kxbjbp5590l-java-debug/bin:/nix/store/mydc6f4k2z73xlcz7ilif3v2lcaiqvza-findutils-4.9.0/bin:/nix/store/j9p3g8472iijd50vhdprx0nmk2fqn5gv-diffutils-3.8/bin:/nix/store/89zs7rms6x00xfq4dq6m7mjnhkr8a6r4-gnused-4.8/bin:/nix/store/86bp03jkmsl6f92w0yzg4s59g5mhxwmy-gnugrep-3.7/bin:/nix/store/hwcdqw4jrjnd37wxqgsd47hd0j8bnj09-gawk-5.1.1/bin:/nix/store/cfbhw8r8ags41vwqaz47r583d0p4h4a1-gnutar-1.34/bin:/nix/store/p3m1ndl1lapwrlh698bnb5lvvxh67378-gzip-1.12/bin:/nix/store/a8mhcagrsly7c7mpjrpsnaahk4aax056-bzip2-1.0.8-bin/bin:/nix/store/mblgz65m3zv9x548a3d5m96fj2pbwr09-gnumake-4.3/bin:/nix/store/dsd5gz46hdbdk2rfdimqddhq6m8m8fqs-bash-5.1-p16/bin:/nix/store/v7ljksji50mg3w61dykaa3n3y79n6nil-patch-2.7.6/bin:/nix/store/zlcnmqq14jz5x9439jf937mvayyl63da-xz-5.2.7-bin/bin:/nix/store/y6aj732zm9m87c82fpvf103a1xb22blp-file-5.43/bin:/nix/store/i4kzir3m7mrisxmf5xvlnkw01x4qaqr4-prybar-elisp-0.0.0-e0d9a52/bin:/nix/store/lwwivxf6h7x3cvxp9zv8sj0mv7dak99r-prybar-lua-0.0.0-e0d9a52/bin:/nix/store/gxj28g1cg4hq3qanmjv07156h800qr58-prybar-python3-0.0.0-e0d9a52/bin:/nix/store/hshkjnxrgidigf8x75vg6lqng2xlx9i3-prybar-sqlite-0.0.0-e0d9a52/bin:/nix/store/c4w01bpjgyy5ixmwdk8m1pw87zq4sl26-prybar-tcl-0.0.0-e0d9a52/bin:/nix/store/hpbvrlwd5viqmvcaisb3x0118i913a9n-st
LD_LIBRARY_PATH=/nix/store/a4pff549sk2idnkpzk5nsfps3mdkdnvm-cups-2.4.2-lib/lib:/nix/store/72mqxxhh3cy5yifh92wh2yb8cl2hikyy-cairo-1.16.0/lib:/nix/store/2k366jrbsra97gjfxwvrhvixjfxdach5-glib-2.74.1/lib:/nix/store/2j2znigd8ak37rlwh9khz0ry3clqlw1l-gtk+3-3.24.34/lib:/nix/store/hisqvx32cd57apbpcsnkpx6k3549wql1-libglvnd-1.4.0/lib:/nix/store/p36pgcv991mq5srvg765b78yqpxvk3qs-mesa-21.3.3-drivers/lib:/nix/store/mav4251if1ahjq5vkpwycyyvnmy459c4-pulseaudio-14.2/lib
DISPLAY=:0
LANG=en_US.UTF-8

Signal Handlers:
   SIGSEGV: crash_handler in libjvm.so, mask=11100100010111111101111111111110, flags=SA_RESTART|SA_SIGINFO
    SIGBUS: crash_handler in libjvm.so, mask=11100100010111111101111111111110, flags=SA_RESTART|SA_SIGINFO
    SIGFPE: crash_handler in libjvm.so, mask=11100100010111111101111111111110, flags=SA_RESTART|SA_SIGINFO
   SIGPIPE: IsolateEnterStub_IgnoreSIGPIPEStartupHook_noopSignalHandler_8f19bff2f35b5f630d83b364d6b2339320d4ec70_216e8361c6bc87a8f89f58cc10d3b2fd4415bf87 in libjvmcicompiler.so, mask=00000000000000000000000000000000, flags=SA_RESTART
  *** Handler was modified!
  *** Expected: javaSignalHandler in libjvm.so, mask=11100100110111111111111111111110, flags=SA_RESTART|SA_SIGINFO
   SIGXFSZ: javaSignalHandler in libjvm.so, mask=11100100010111111101111111111110, flags=SA_RESTART|SA_SIGINFO
    SIGILL: crash_handler in libjvm.so, mask=11100100010111111101111111111110, flags=SA_RESTART|SA_SIGINFO
   SIGUSR2: SR_handler in libjvm.so, mask=00000000000000000000000000000000, flags=SA_RESTART|SA_SIGINFO
    SIGHUP: UserHandler in libjvm.so, mask=11100100010111111101111111111110, flags=SA_RESTART|SA_SIGINFO
    SIGINT: UserHandler in libjvm.so, mask=11100100010111111101111111111110, flags=SA_RESTART|SA_SIGINFO
   SIGTERM: UserHandler in libjvm.so, mask=11100100010111111101111111111110, flags=SA_RESTART|SA_SIGINFO
   SIGQUIT: UserHandler in libjvm.so, mask=11100100010111111101111111111110, flags=SA_RESTART|SA_SIGINFO
  *** Handler was modified!
  *** Expected: javaSignalHandler in libjvm.so, mask=11100100110111111111111111111110, flags=SA_RESTART|SA_SIGINFO
   SIGTRAP: crash_handler in libjvm.so, mask=11100100010111111101111111111110, flags=SA_RESTART|SA_SIGINFO


---------------  S Y S T E M  ---------------

OS:
DISTRIB_ID=Ubuntu
DISTRIB_RELEASE=20.04
DISTRIB_CODENAME=focal
DISTRIB_DESCRIPTION="Ubuntu 20.04.2 LTS"
uname: Linux 5.15.0-1030-gcp #37~20.04.1-Ubuntu SMP Mon Feb 20 04:30:57 UTC 2023 x86_64
OS uptime: 0 days 9:49 hours
libc: glibc 2.35 NPTL 2.35 
rlimit (soft/hard): STACK 8192k/infinity , CORE infinity/infinity , NPROC infinity/infinity , NOFILE 5242/5242 , AS infinity/infinity , CPU infinity/infinity , DATA infinity/infinity , FSIZE infinity/infinity , MEMLOCK 64k/64k
load average: 7.70 10.31 11.99

/proc/meminfo:
MemTotal:       65852732 kB
MemFree:        30242448 kB
MemAvailable:   49983864 kB
Buffers:         2868288 kB
Cached:         15772888 kB
SwapCached:            0 kB
Active:          9570320 kB
Inactive:       22063604 kB
Active(anon):      13972 kB
Inactive(anon): 12859656 kB
Active(file):    9556348 kB
Inactive(file):  9203948 kB
Unevictable:       43124 kB
Mlocked:           43124 kB
SwapTotal:             0 kB
SwapFree:              0 kB
Dirty:              3876 kB
Writeback:           296 kB
AnonPages:      11959188 kB
Mapped:          1642828 kB
Shmem:             47840 kB
KReclaimable:    1707720 kB
Slab:            2960344 kB
SReclaimable:    1707720 kB
SUnreclaim:      1252624 kB
KernelStack:      398040 kB
PageTables:       128760 kB
NFS_Unstable:          0 kB
Bounce:                0 kB
WritebackTmp:          0 kB
CommitLimit:    32926364 kB
Committed_AS:   48298096 kB
VmallocTotal:   34359738367 kB
VmallocUsed:      435248 kB
VmallocChunk:          0 kB
Percpu:            63776 kB
HardwareCorrupted:     0 kB
AnonHugePages:   1103872 kB
ShmemHugePages:        0 kB
ShmemPmdMapped:        0 kB
FileHugePages:         0 kB
FilePmdMapped:         0 kB
HugePages_Total:       0
HugePages_Free:        0
HugePages_Rsvd:        0
HugePages_Surp:        0
Hugepagesize:       2048 kB
Hugetlb:               0 kB
DirectMap4k:     5444416 kB
DirectMap2M:    41738240 kB
DirectMap1G:    22020096 kB

/sys/kernel/mm/transparent_hugepage/enabled: always [madvise] never
/sys/kernel/mm/transparent_hugepage/defrag (defrag/compaction efforts parameter): always defer defer+madvise [madvise] never

Process Memory:
Virtual Size: 4721752K (peak: 4831036K)
Resident Set Size: 753808K (peak: 790800K) (anon: 559424K, file: 194384K, shmem: 0K)
Swapped out: 0K
C-Heap outstanding allocations: 43616K, retained: 12375K
glibc malloc tunables: (default)

/proc/sys/kernel/threads-max (system-wide limit on the number of threads): 514406
/proc/sys/vm/max_map_count (maximum number of memory map areas a process may have): 65530
/proc/sys/kernel/pid_max (system-wide limit on number of process identifiers): 4194304

container (cgroup) information:
container_type: cgroupv1
cpu_cpuset_cpus: 2-7
cpu_memory_nodes: 0
active_processor_count: 1
cpu_quota: 50000
cpu_period: 100000
cpu_shares: 512
memory_limit_in_bytes: 1048576 k
memory_and_swap_limit_in_bytes: 1048576 k
memory_soft_limit_in_bytes: 524288 k
memory_usage_in_bytes: 609588 k
memory_max_usage_in_bytes: 664508 k
maximum number of tasks: 1000
current number of tasks: 51

KVM virtualization detected
Steal ticks since vm start: 0
Steal ticks percentage since vm start:  0.000

CPU: total 8 (initial active 1) (8 cores per cpu, 2 threads per core) family 23 model 49 stepping 0 microcode 0xffffffff, cx8, cmov, fxsr, ht, mmx, 3dnowpref, sse, sse2, sse3, ssse3, sse4a, sse4.1, sse4.2, popcnt, lzcnt, tsc, tscinvbit, avx, avx2, aes, clmul, bmi1, bmi2, adx, sha, fma, vzeroupper, clflush, clflushopt, hv
CPU Model and flags from /proc/cpuinfo:
model name	: AMD EPYC 7B12
flags		: fpu vme de pse tsc msr pae mce cx8 apic sep mtrr pge mca cmov pat pse36 clflush mmx fxsr sse sse2 ht syscall nx mmxext fxsr_opt pdpe1gb rdtscp lm constant_tsc rep_good nopl nonstop_tsc cpuid extd_apicid tsc_known_freq pni pclmulqdq ssse3 fma cx16 sse4_1 sse4_2 movbe popcnt aes xsave avx f16c rdrand hypervisor lahf_lm cmp_legacy cr8_legacy abm sse4a misalignsse 3dnowprefetch osvw topoext ssbd ibrs ibpb stibp vmmcall fsgsbase tsc_adjust bmi1 avx2 smep bmi2 rdseed adx smap clflushopt clwb sha_ni xsaveopt xsavec xgetbv1 clzero xsaveerptr arat npt nrip_save umip rdpid

Online cpus: 0-7
Offline cpus: 
BIOS frequency limitation: <Not Available>
Frequency switch latency (ns): <Not Available>
Available cpu frequencies: <Not Available>
Current governor: <Not Available>
Core performance/turbo boost: <Not Available>

Memory: 4k page, physical 1048576k(438856k free), swap 0k(0k free)
Page Sizes: 4k

vm_info: OpenJDK 64-Bit Server VM (17.0.5+8-jvmci-22.3-b08) for linux-amd64 JRE (17.0.5+8-jvmci-22.3-b08), built on Oct 19 2022 09:01:27 by "buildslave" with gcc 10.3.0

END.
